  [1m[36m (0.9ms)[0m  [1mCREATE TABLE "schema_migrations" ("version" varchar(255) NOT NULL) [0m
  [1m[35m (0.3ms)[0m  select sqlite_version(*)
  [1m[36m (0.7ms)[0m  [1mCREATE UNIQUE INDEX "unique_schema_migrations" ON "schema_migrations" ("version")[0m
  [1m[35mActiveRecord::SchemaMigration Load (0.1ms)[0m  SELECT "schema_migrations".* FROM "schema_migrations"
Migrating to CreateUsers (20160912155953)
  [1m[36m (0.1ms)[0m  [1mbegin transaction[0m
  [1m[35m (0.4ms)[0m  CREATE TABLE "users" ("id" INTEGER PRIMARY KEY AUTOINCREMENT NOT NULL, "first_name" varchar(255), "last_name" varchar(255), "email" varchar(255), "created_at" datetime, "updated_at" datetime) 
  [1m[36mSQL (0.1ms)[0m  [1mINSERT INTO "schema_migrations" ("version") VALUES (?)[0m  [["version", "20160912155953"]]
  [1m[35m (0.6ms)[0m  commit transaction
  [1m[36mActiveRecord::SchemaMigration Load (0.1ms)[0m  [1mSELECT "schema_migrations".* FROM "schema_migrations"[0m
  [1m[36mActiveRecord::SchemaMigration Load (0.1ms)[0m  [1mSELECT "schema_migrations".* FROM "schema_migrations"[0m
Migrating to CreateOwners (20160912160236)
  [1m[35m (0.1ms)[0m  begin transaction
  [1m[36m (0.4ms)[0m  [1mCREATE TABLE "owners" ("id" INTEGER PRIMARY KEY AUTOINCREMENT NOT NULL, "created_at" datetime, "updated_at" datetime) [0m
  [1m[35mSQL (0.2ms)[0m  INSERT INTO "schema_migrations" ("version") VALUES (?)  [["version", "20160912160236"]]
  [1m[36m (2.9ms)[0m  [1mcommit transaction[0m
Migrating to CreateMessages (20160912160716)
  [1m[35m (0.1ms)[0m  begin transaction
  [1m[36m (0.5ms)[0m  [1mCREATE TABLE "messages" ("id" INTEGER PRIMARY KEY AUTOINCREMENT NOT NULL, "author" varchar(255), "message" text, "user_id" integer, "post_id" integer, "created_at" datetime, "updated_at" datetime) [0m
  [1m[35m (0.1ms)[0m  select sqlite_version(*)
  [1m[36m (0.1ms)[0m  [1mCREATE  INDEX "index_messages_on_user_id" ON "messages" ("user_id")[0m
  [1m[35m (0.2ms)[0m              SELECT sql
            FROM sqlite_master
            WHERE name='index_messages_on_user_id' AND type='index'
            UNION ALL
            SELECT sql
            FROM sqlite_temp_master
            WHERE name='index_messages_on_user_id' AND type='index'

  [1m[36m (0.2ms)[0m  [1mCREATE  INDEX "index_messages_on_post_id" ON "messages" ("post_id")[0m
  [1m[35mSQL (0.6ms)[0m  INSERT INTO "schema_migrations" ("version") VALUES (?)  [["version", "20160912160716"]]
  [1m[36m (1.6ms)[0m  [1mcommit transaction[0m
Migrating to CreatePosts (20160912160812)
  [1m[35m (0.2ms)[0m  begin transaction
  [1m[36m (0.6ms)[0m  [1mCREATE TABLE "posts" ("id" INTEGER PRIMARY KEY AUTOINCREMENT NOT NULL, "title" varchar(255), "content" text, "blog_id" integer, "user_id" integer, "created_at" datetime, "updated_at" datetime) [0m
  [1m[35m (0.2ms)[0m  CREATE  INDEX "index_posts_on_blog_id" ON "posts" ("blog_id")
  [1m[36m (0.1ms)[0m  [1m            SELECT sql
            FROM sqlite_master
            WHERE name='index_posts_on_blog_id' AND type='index'
            UNION ALL
            SELECT sql
            FROM sqlite_temp_master
            WHERE name='index_posts_on_blog_id' AND type='index'
[0m
  [1m[35m (0.1ms)[0m  CREATE  INDEX "index_posts_on_user_id" ON "posts" ("user_id")
  [1m[36mSQL (0.1ms)[0m  [1mINSERT INTO "schema_migrations" ("version") VALUES (?)[0m  [["version", "20160912160812"]]
  [1m[35m (0.6ms)[0m  commit transaction
Migrating to CreateBlogs (20160912161014)
  [1m[36m (0.1ms)[0m  [1mbegin transaction[0m
  [1m[35m (0.4ms)[0m  CREATE TABLE "blogs" ("id" INTEGER PRIMARY KEY AUTOINCREMENT NOT NULL, "name" varchar(255), "description" text, "created_at" datetime, "updated_at" datetime) 
  [1m[36mSQL (0.2ms)[0m  [1mINSERT INTO "schema_migrations" ("version") VALUES (?)[0m  [["version", "20160912161014"]]
  [1m[35m (0.6ms)[0m  commit transaction
  [1m[36mActiveRecord::SchemaMigration Load (0.1ms)[0m  [1mSELECT "schema_migrations".* FROM "schema_migrations"[0m
  [1m[35m (0.1ms)[0m              SELECT sql
            FROM sqlite_master
            WHERE name='index_messages_on_post_id' AND type='index'
            UNION ALL
            SELECT sql
            FROM sqlite_temp_master
            WHERE name='index_messages_on_post_id' AND type='index'

  [1m[36m (0.1ms)[0m  [1m            SELECT sql
            FROM sqlite_master
            WHERE name='index_messages_on_user_id' AND type='index'
            UNION ALL
            SELECT sql
            FROM sqlite_temp_master
            WHERE name='index_messages_on_user_id' AND type='index'
[0m
  [1m[35m (0.1ms)[0m              SELECT sql
            FROM sqlite_master
            WHERE name='index_posts_on_user_id' AND type='index'
            UNION ALL
            SELECT sql
            FROM sqlite_temp_master
            WHERE name='index_posts_on_user_id' AND type='index'

  [1m[36m (0.1ms)[0m  [1m            SELECT sql
            FROM sqlite_master
            WHERE name='index_posts_on_blog_id' AND type='index'
            UNION ALL
            SELECT sql
            FROM sqlite_temp_master
            WHERE name='index_posts_on_blog_id' AND type='index'
[0m
  [1m[36mActiveRecord::SchemaMigration Load (0.1ms)[0m  [1mSELECT "schema_migrations".* FROM "schema_migrations"[0m
Migrating to AddUserToOwner (20160912161329)
  [1m[35m (0.1ms)[0m  begin transaction
  [1m[36m (1.4ms)[0m  [1mALTER TABLE "owners" ADD "user_id" integer[0m
  [1m[35m (0.1ms)[0m  select sqlite_version(*)
  [1m[36m (0.2ms)[0m  [1mCREATE  INDEX "index_owners_on_user_id" ON "owners" ("user_id")[0m
  [1m[35mSQL (0.2ms)[0m  INSERT INTO "schema_migrations" ("version") VALUES (?)  [["version", "20160912161329"]]
  [1m[36m (0.6ms)[0m  [1mcommit transaction[0m
Migrating to AddBlogToOwner (20160912161353)
  [1m[35m (0.1ms)[0m  begin transaction
  [1m[36m (0.5ms)[0m  [1mALTER TABLE "owners" ADD "blog_id" integer[0m
  [1m[35m (0.1ms)[0m              SELECT sql
            FROM sqlite_master
            WHERE name='index_owners_on_user_id' AND type='index'
            UNION ALL
            SELECT sql
            FROM sqlite_temp_master
            WHERE name='index_owners_on_user_id' AND type='index'

  [1m[36m (0.1ms)[0m  [1mCREATE  INDEX "index_owners_on_blog_id" ON "owners" ("blog_id")[0m
  [1m[35mSQL (0.1ms)[0m  INSERT INTO "schema_migrations" ("version") VALUES (?)  [["version", "20160912161353"]]
  [1m[36m (0.6ms)[0m  [1mcommit transaction[0m
  [1m[35mActiveRecord::SchemaMigration Load (0.2ms)[0m  SELECT "schema_migrations".* FROM "schema_migrations"
  [1m[36m (0.2ms)[0m  [1m            SELECT sql
            FROM sqlite_master
            WHERE name='index_messages_on_post_id' AND type='index'
            UNION ALL
            SELECT sql
            FROM sqlite_temp_master
            WHERE name='index_messages_on_post_id' AND type='index'
[0m
  [1m[35m (0.1ms)[0m              SELECT sql
            FROM sqlite_master
            WHERE name='index_messages_on_user_id' AND type='index'
            UNION ALL
            SELECT sql
            FROM sqlite_temp_master
            WHERE name='index_messages_on_user_id' AND type='index'

  [1m[36m (0.2ms)[0m  [1m            SELECT sql
            FROM sqlite_master
            WHERE name='index_owners_on_blog_id' AND type='index'
            UNION ALL
            SELECT sql
            FROM sqlite_temp_master
            WHERE name='index_owners_on_blog_id' AND type='index'
[0m
  [1m[35m (0.1ms)[0m              SELECT sql
            FROM sqlite_master
            WHERE name='index_owners_on_user_id' AND type='index'
            UNION ALL
            SELECT sql
            FROM sqlite_temp_master
            WHERE name='index_owners_on_user_id' AND type='index'

  [1m[36m (0.1ms)[0m  [1m            SELECT sql
            FROM sqlite_master
            WHERE name='index_posts_on_user_id' AND type='index'
            UNION ALL
            SELECT sql
            FROM sqlite_temp_master
            WHERE name='index_posts_on_user_id' AND type='index'
[0m
  [1m[35m (0.1ms)[0m              SELECT sql
            FROM sqlite_master
            WHERE name='index_posts_on_blog_id' AND type='index'
            UNION ALL
            SELECT sql
            FROM sqlite_temp_master
            WHERE name='index_posts_on_blog_id' AND type='index'

  [1m[36mActiveRecord::SchemaMigration Load (0.1ms)[0m  [1mSELECT "schema_migrations".* FROM "schema_migrations"[0m
  [1m[35mActiveRecord::SchemaMigration Load (0.1ms)[0m  SELECT "schema_migrations".* FROM "schema_migrations"
  [1m[36m (0.1ms)[0m  [1m            SELECT sql
            FROM sqlite_master
            WHERE name='index_messages_on_post_id' AND type='index'
            UNION ALL
            SELECT sql
            FROM sqlite_temp_master
            WHERE name='index_messages_on_post_id' AND type='index'
[0m
  [1m[35m (0.1ms)[0m              SELECT sql
            FROM sqlite_master
            WHERE name='index_messages_on_user_id' AND type='index'
            UNION ALL
            SELECT sql
            FROM sqlite_temp_master
            WHERE name='index_messages_on_user_id' AND type='index'

  [1m[36m (0.1ms)[0m  [1m            SELECT sql
            FROM sqlite_master
            WHERE name='index_owners_on_blog_id' AND type='index'
            UNION ALL
            SELECT sql
            FROM sqlite_temp_master
            WHERE name='index_owners_on_blog_id' AND type='index'
[0m
  [1m[35m (0.1ms)[0m              SELECT sql
            FROM sqlite_master
            WHERE name='index_owners_on_user_id' AND type='index'
            UNION ALL
            SELECT sql
            FROM sqlite_temp_master
            WHERE name='index_owners_on_user_id' AND type='index'

  [1m[36m (0.1ms)[0m  [1m            SELECT sql
            FROM sqlite_master
            WHERE name='index_posts_on_user_id' AND type='index'
            UNION ALL
            SELECT sql
            FROM sqlite_temp_master
            WHERE name='index_posts_on_user_id' AND type='index'
[0m
  [1m[35m (0.1ms)[0m              SELECT sql
            FROM sqlite_master
            WHERE name='index_posts_on_blog_id' AND type='index'
            UNION ALL
            SELECT sql
            FROM sqlite_temp_master
            WHERE name='index_posts_on_blog_id' AND type='index'

  [1m[36mActiveRecord::SchemaMigration Load (0.2ms)[0m  [1mSELECT "schema_migrations".* FROM "schema_migrations"[0m
  [1m[35mActiveRecord::SchemaMigration Load (0.2ms)[0m  SELECT "schema_migrations".* FROM "schema_migrations"
  [1m[36m (0.2ms)[0m  [1m            SELECT sql
            FROM sqlite_master
            WHERE name='index_messages_on_post_id' AND type='index'
            UNION ALL
            SELECT sql
            FROM sqlite_temp_master
            WHERE name='index_messages_on_post_id' AND type='index'
[0m
  [1m[35m (0.1ms)[0m              SELECT sql
            FROM sqlite_master
            WHERE name='index_messages_on_user_id' AND type='index'
            UNION ALL
            SELECT sql
            FROM sqlite_temp_master
            WHERE name='index_messages_on_user_id' AND type='index'

  [1m[36m (0.1ms)[0m  [1m            SELECT sql
            FROM sqlite_master
            WHERE name='index_owners_on_blog_id' AND type='index'
            UNION ALL
            SELECT sql
            FROM sqlite_temp_master
            WHERE name='index_owners_on_blog_id' AND type='index'
[0m
  [1m[35m (0.1ms)[0m              SELECT sql
            FROM sqlite_master
            WHERE name='index_owners_on_user_id' AND type='index'
            UNION ALL
            SELECT sql
            FROM sqlite_temp_master
            WHERE name='index_owners_on_user_id' AND type='index'

  [1m[36m (0.1ms)[0m  [1m            SELECT sql
            FROM sqlite_master
            WHERE name='index_posts_on_user_id' AND type='index'
            UNION ALL
            SELECT sql
            FROM sqlite_temp_master
            WHERE name='index_posts_on_user_id' AND type='index'
[0m
  [1m[35m (0.1ms)[0m              SELECT sql
            FROM sqlite_master
            WHERE name='index_posts_on_blog_id' AND type='index'
            UNION ALL
            SELECT sql
            FROM sqlite_temp_master
            WHERE name='index_posts_on_blog_id' AND type='index'

  [1m[36mActiveRecord::SchemaMigration Load (0.3ms)[0m  [1mSELECT "schema_migrations".* FROM "schema_migrations"[0m
  [1m[35mActiveRecord::SchemaMigration Load (0.1ms)[0m  SELECT "schema_migrations".* FROM "schema_migrations"
  [1m[36m (0.1ms)[0m  [1m            SELECT sql
            FROM sqlite_master
            WHERE name='index_messages_on_post_id' AND type='index'
            UNION ALL
            SELECT sql
            FROM sqlite_temp_master
            WHERE name='index_messages_on_post_id' AND type='index'
[0m
  [1m[35m (0.1ms)[0m              SELECT sql
            FROM sqlite_master
            WHERE name='index_messages_on_user_id' AND type='index'
            UNION ALL
            SELECT sql
            FROM sqlite_temp_master
            WHERE name='index_messages_on_user_id' AND type='index'

  [1m[36m (0.1ms)[0m  [1m            SELECT sql
            FROM sqlite_master
            WHERE name='index_owners_on_blog_id' AND type='index'
            UNION ALL
            SELECT sql
            FROM sqlite_temp_master
            WHERE name='index_owners_on_blog_id' AND type='index'
[0m
  [1m[35m (0.1ms)[0m              SELECT sql
            FROM sqlite_master
            WHERE name='index_owners_on_user_id' AND type='index'
            UNION ALL
            SELECT sql
            FROM sqlite_temp_master
            WHERE name='index_owners_on_user_id' AND type='index'

  [1m[36m (0.1ms)[0m  [1m            SELECT sql
            FROM sqlite_master
            WHERE name='index_posts_on_user_id' AND type='index'
            UNION ALL
            SELECT sql
            FROM sqlite_temp_master
            WHERE name='index_posts_on_user_id' AND type='index'
[0m
  [1m[35m (0.1ms)[0m              SELECT sql
            FROM sqlite_master
            WHERE name='index_posts_on_blog_id' AND type='index'
            UNION ALL
            SELECT sql
            FROM sqlite_temp_master
            WHERE name='index_posts_on_blog_id' AND type='index'

  [1m[36mActiveRecord::SchemaMigration Load (0.1ms)[0m  [1mSELECT "schema_migrations".* FROM "schema_migrations"[0m
  [1m[35mActiveRecord::SchemaMigration Load (0.1ms)[0m  SELECT "schema_migrations".* FROM "schema_migrations"
  [1m[36m (0.1ms)[0m  [1m            SELECT sql
            FROM sqlite_master
            WHERE name='index_messages_on_post_id' AND type='index'
            UNION ALL
            SELECT sql
            FROM sqlite_temp_master
            WHERE name='index_messages_on_post_id' AND type='index'
[0m
  [1m[35m (0.1ms)[0m              SELECT sql
            FROM sqlite_master
            WHERE name='index_messages_on_user_id' AND type='index'
            UNION ALL
            SELECT sql
            FROM sqlite_temp_master
            WHERE name='index_messages_on_user_id' AND type='index'

  [1m[36m (0.1ms)[0m  [1m            SELECT sql
            FROM sqlite_master
            WHERE name='index_owners_on_blog_id' AND type='index'
            UNION ALL
            SELECT sql
            FROM sqlite_temp_master
            WHERE name='index_owners_on_blog_id' AND type='index'
[0m
  [1m[35m (0.1ms)[0m              SELECT sql
            FROM sqlite_master
            WHERE name='index_owners_on_user_id' AND type='index'
            UNION ALL
            SELECT sql
            FROM sqlite_temp_master
            WHERE name='index_owners_on_user_id' AND type='index'

  [1m[36m (0.1ms)[0m  [1m            SELECT sql
            FROM sqlite_master
            WHERE name='index_posts_on_user_id' AND type='index'
            UNION ALL
            SELECT sql
            FROM sqlite_temp_master
            WHERE name='index_posts_on_user_id' AND type='index'
[0m
  [1m[35m (0.1ms)[0m              SELECT sql
            FROM sqlite_master
            WHERE name='index_posts_on_blog_id' AND type='index'
            UNION ALL
            SELECT sql
            FROM sqlite_temp_master
            WHERE name='index_posts_on_blog_id' AND type='index'

  [1m[36m (0.1ms)[0m  [1mbegin transaction[0m
  [1m[35mUser Exists (0.4ms)[0m  SELECT  1 AS one FROM "users"  WHERE LOWER("users"."email") = LOWER('wuiehf') LIMIT 1
  [1m[36m (0.1ms)[0m  [1mrollback transaction[0m
  [1m[35m (0.1ms)[0m  begin transaction
  [1m[36mUser Exists (0.1ms)[0m  [1mSELECT  1 AS one FROM "users"  WHERE LOWER("users"."email") = LOWER('wuiehf') LIMIT 1[0m
  [1m[35m (0.1ms)[0m  rollback transaction
  [1m[36m (0.1ms)[0m  [1mbegin transaction[0m
  [1m[35mUser Exists (0.1ms)[0m  SELECT  1 AS one FROM "users"  WHERE LOWER("users"."email") = LOWER('wuiehf') LIMIT 1
  [1m[36m (0.1ms)[0m  [1mrollback transaction[0m
  [1m[35m (0.1ms)[0m  begin transaction
  [1m[36mUser Exists (0.1ms)[0m  [1mSELECT  1 AS one FROM "users"  WHERE LOWER("users"."email") = LOWER('wuiehf') LIMIT 1[0m
  [1m[35m (0.1ms)[0m  rollback transaction
  [1m[36m (0.1ms)[0m  [1mbegin transaction[0m
  [1m[35mUser Exists (0.1ms)[0m  SELECT  1 AS one FROM "users"  WHERE LOWER("users"."email") = LOWER('wuiehf') LIMIT 1
  [1m[36m (0.1ms)[0m  [1mrollback transaction[0m
  [1m[35mUser Exists (0.1ms)[0m  SELECT  1 AS one FROM "users"  WHERE LOWER("users"."email") = LOWER('wuiehf') LIMIT 1
  [1m[36m (0.1ms)[0m  [1mbegin transaction[0m
  [1m[35mUser Exists (0.1ms)[0m  SELECT  1 AS one FROM "users"  WHERE LOWER("users"."email") = LOWER('email@email.com') LIMIT 1
  [1m[36mSQL (0.7ms)[0m  [1mINSERT INTO "users" ("created_at", "email", "first_name", "last_name", "updated_at") VALUES (?, ?, ?, ?, ?)[0m  [["created_at", "2016-09-12 17:18:49.171751"], ["email", "email@email.com"], ["first_name", "Test"], ["last_name", "User"], ["updated_at", "2016-09-12 17:18:49.171751"]]
  [1m[35m (0.6ms)[0m  commit transaction
  [1m[36mUser Load (0.2ms)[0m  [1mSELECT "users".* FROM "users"[0m
  [1m[35mUser Load (0.2ms)[0m  SELECT "users".* FROM "users"
  [1m[36m (0.1ms)[0m  [1mbegin transaction[0m
  [1m[35mUser Exists (0.1ms)[0m  SELECT  1 AS one FROM "users"  WHERE LOWER("users"."email") = LOWER('email2@email.com') LIMIT 1
  [1m[36mSQL (0.3ms)[0m  [1mINSERT INTO "users" ("created_at", "email", "first_name", "last_name", "updated_at") VALUES (?, ?, ?, ?, ?)[0m  [["created_at", "2016-09-12 17:19:18.241352"], ["email", "email2@email.com"], ["first_name", "Test"], ["last_name", "User2"], ["updated_at", "2016-09-12 17:19:18.241352"]]
  [1m[35m (0.6ms)[0m  commit transaction
  [1m[36m (0.1ms)[0m  [1mbegin transaction[0m
  [1m[35mUser Exists (0.2ms)[0m  SELECT  1 AS one FROM "users"  WHERE LOWER("users"."email") = LOWER('email3@email.com') LIMIT 1
  [1m[36mSQL (0.3ms)[0m  [1mINSERT INTO "users" ("created_at", "email", "first_name", "last_name", "updated_at") VALUES (?, ?, ?, ?, ?)[0m  [["created_at", "2016-09-12 17:19:27.905632"], ["email", "email3@email.com"], ["first_name", "Test"], ["last_name", "User3"], ["updated_at", "2016-09-12 17:19:27.905632"]]
  [1m[35m (3.0ms)[0m  commit transaction
  [1m[36m (0.1ms)[0m  [1mbegin transaction[0m
  [1m[35mUser Exists (0.2ms)[0m  SELECT  1 AS one FROM "users"  WHERE LOWER("users"."email") = LOWER('email4@email.com') LIMIT 1
  [1m[36mSQL (0.2ms)[0m  [1mINSERT INTO "users" ("created_at", "email", "first_name", "last_name", "updated_at") VALUES (?, ?, ?, ?, ?)[0m  [["created_at", "2016-09-12 17:19:36.624494"], ["email", "email4@email.com"], ["first_name", "Test"], ["last_name", "User4"], ["updated_at", "2016-09-12 17:19:36.624494"]]
  [1m[35m (1.5ms)[0m  commit transaction
  [1m[36m (0.1ms)[0m  [1mbegin transaction[0m
  [1m[35mUser Exists (0.1ms)[0m  SELECT  1 AS one FROM "users"  WHERE LOWER("users"."email") = LOWER('email5@email.com') LIMIT 1
  [1m[36mSQL (0.3ms)[0m  [1mINSERT INTO "users" ("created_at", "email", "first_name", "last_name", "updated_at") VALUES (?, ?, ?, ?, ?)[0m  [["created_at", "2016-09-12 17:19:45.833833"], ["email", "email5@email.com"], ["first_name", "Test"], ["last_name", "User5"], ["updated_at", "2016-09-12 17:19:45.833833"]]
  [1m[35m (1.5ms)[0m  commit transaction
  [1m[36mUser Load (0.2ms)[0m  [1mSELECT "users".* FROM "users"[0m
  [1m[35mUser Load (0.2ms)[0m  SELECT "users".* FROM "users"
  [1m[36mUser Load (0.2ms)[0m  [1mSELECT  "users".* FROM "users"  WHERE "users"."id" = ? LIMIT 1[0m  [["id", 1]]
  [1m[35m (0.1ms)[0m  begin transaction
  [1m[36mUser Exists (0.1ms)[0m  [1mSELECT  1 AS one FROM "users"  WHERE (LOWER("users"."email") = LOWER('email@email.com') AND "users"."id" != 1) LIMIT 1[0m
  [1m[35mSQL (0.3ms)[0m  UPDATE "users" SET "last_name" = ?, "updated_at" = ? WHERE "users"."id" = 1  [["last_name", "User1"], ["updated_at", "2016-09-12 17:23:02.571356"]]
  [1m[36m (0.6ms)[0m  [1mcommit transaction[0m
  [1m[35mUser Load (0.2ms)[0m  SELECT "users".* FROM "users"
  [1m[36mUser Load (0.1ms)[0m  [1mSELECT  "users".* FROM "users"  WHERE "users"."id" = ? LIMIT 1[0m  [["id", 1]]
  [1m[35m (0.0ms)[0m  begin transaction
  [1m[36mUser Exists (0.1ms)[0m  [1mSELECT  1 AS one FROM "users"  WHERE (LOWER("users"."email") = LOWER('email1@email.com') AND "users"."id" != 1) LIMIT 1[0m
  [1m[35mSQL (0.3ms)[0m  UPDATE "users" SET "email" = ?, "updated_at" = ? WHERE "users"."id" = 1  [["email", "email1@email.com"], ["updated_at", "2016-09-12 17:23:32.779763"]]
  [1m[36m (1.4ms)[0m  [1mcommit transaction[0m
  [1m[35mUser Load (0.2ms)[0m  SELECT "users".* FROM "users"
  [1m[36mBlog Load (0.2ms)[0m  [1mSELECT "blogs".* FROM "blogs"[0m
  [1m[35mUser Load (0.1ms)[0m  SELECT  "users".* FROM "users"  WHERE "users"."id" = ? LIMIT 1  [["id", 1]]
  [1m[36m (0.1ms)[0m  [1mbegin transaction[0m
  [1m[35m (0.0ms)[0m  commit transaction
  [1m[36mUser Load (0.1ms)[0m  [1mSELECT  "users".* FROM "users"  WHERE "users"."id" = ? LIMIT 1[0m  [["id", 1]]
  [1m[35mUser Load (0.1ms)[0m  SELECT  "users".* FROM "users"  WHERE "users"."id" = ? LIMIT 1  [["id", 1]]
  [1m[36mUser Load (0.1ms)[0m  [1mSELECT  "users".* FROM "users"   ORDER BY "users"."id" ASC LIMIT 1[0m
  [1m[36mUser Load (0.4ms)[0m  [1mSELECT  "users".* FROM "users"  WHERE "users"."id" = ? LIMIT 1[0m  [["id", 1]]
  [1m[35mUser Load (0.1ms)[0m  SELECT  "users".* FROM "users"  WHERE "users"."id" = ? LIMIT 1  [["id", 1]]
  [1m[36mUser Load (0.2ms)[0m  [1mSELECT  "users".* FROM "users"  WHERE "users"."id" = ? LIMIT 1[0m  [["id", 1]]
  [1m[35mBlog Load (0.4ms)[0m  SELECT "blogs".* FROM "blogs" INNER JOIN "owners" ON "blogs"."id" = "owners"."blog_id" WHERE "owners"."user_id" = ?  [["user_id", 1]]
  [1m[36mUser Load (0.1ms)[0m  [1mSELECT  "users".* FROM "users"  WHERE "users"."id" = ? LIMIT 1[0m  [["id", 1]]
  [1m[35mUser Load (0.1ms)[0m  SELECT  "users".* FROM "users"  WHERE "users"."id" = ? LIMIT 1  [["id", 1]]
  [1m[36m (0.1ms)[0m  [1mbegin transaction[0m
  [1m[35mSQL (0.9ms)[0m  INSERT INTO "blogs" ("created_at", "description", "name", "updated_at") VALUES (?, ?, ?, ?)  [["created_at", "2016-09-12 17:39:31.979616"], ["description", "I don't know what to put here."], ["name", "Test Blog 1"], ["updated_at", "2016-09-12 17:39:31.979616"]]
  [1m[36mSQL (0.6ms)[0m  [1mINSERT INTO "owners" ("blog_id", "created_at", "updated_at", "user_id") VALUES (?, ?, ?, ?)[0m  [["blog_id", 1], ["created_at", "2016-09-12 17:39:31.988280"], ["updated_at", "2016-09-12 17:39:31.988280"], ["user_id", 1]]
  [1m[35m (0.8ms)[0m  commit transaction
  [1m[36mUser Load (0.2ms)[0m  [1mSELECT  "users".* FROM "users"  WHERE "users"."id" = ? LIMIT 1[0m  [["id", 1]]
  [1m[35mBlog Load (0.1ms)[0m  SELECT "blogs".* FROM "blogs" INNER JOIN "owners" ON "blogs"."id" = "owners"."blog_id" WHERE "owners"."user_id" = ?  [["user_id", 1]]
  [1m[36mUser Load (0.1ms)[0m  [1mSELECT  "users".* FROM "users"  WHERE "users"."id" = ? LIMIT 1[0m  [["id", 1]]
  [1m[35m (0.1ms)[0m  begin transaction
  [1m[36mSQL (0.9ms)[0m  [1mINSERT INTO "blogs" ("created_at", "description", "name", "updated_at") VALUES (?, ?, ?, ?)[0m  [["created_at", "2016-09-12 17:39:53.526798"], ["description", "I don't know what to put here."], ["name", "Test Blog 2"], ["updated_at", "2016-09-12 17:39:53.526798"]]
  [1m[35mSQL (0.1ms)[0m  INSERT INTO "owners" ("blog_id", "created_at", "updated_at", "user_id") VALUES (?, ?, ?, ?)  [["blog_id", 2], ["created_at", "2016-09-12 17:39:53.529448"], ["updated_at", "2016-09-12 17:39:53.529448"], ["user_id", 1]]
  [1m[36m (1.4ms)[0m  [1mcommit transaction[0m
  [1m[35mUser Load (0.2ms)[0m  SELECT  "users".* FROM "users"  WHERE "users"."id" = ? LIMIT 1  [["id", 1]]
  [1m[36m (0.1ms)[0m  [1mbegin transaction[0m
  [1m[35mSQL (0.3ms)[0m  INSERT INTO "blogs" ("created_at", "description", "name", "updated_at") VALUES (?, ?, ?, ?)  [["created_at", "2016-09-12 17:40:00.574897"], ["description", "I don't know what to put here."], ["name", "Test Blog 3"], ["updated_at", "2016-09-12 17:40:00.574897"]]
  [1m[36mSQL (0.1ms)[0m  [1mINSERT INTO "owners" ("blog_id", "created_at", "updated_at", "user_id") VALUES (?, ?, ?, ?)[0m  [["blog_id", 3], ["created_at", "2016-09-12 17:40:00.577000"], ["updated_at", "2016-09-12 17:40:00.577000"], ["user_id", 1]]
  [1m[35m (1.6ms)[0m  commit transaction
  [1m[36mUser Load (0.3ms)[0m  [1mSELECT  "users".* FROM "users"   ORDER BY "users"."id" ASC LIMIT 1[0m
  [1m[35mBlog Load (0.1ms)[0m  SELECT "blogs".* FROM "blogs" INNER JOIN "owners" ON "blogs"."id" = "owners"."blog_id" WHERE "owners"."user_id" = ?  [["user_id", 1]]
  [1m[36mUser Load (0.1ms)[0m  [1mSELECT  "users".* FROM "users"  WHERE "users"."id" = ? LIMIT 1[0m  [["id", 2]]
  [1m[35m (0.1ms)[0m  begin transaction
  [1m[36mSQL (0.3ms)[0m  [1mINSERT INTO "blogs" ("created_at", "description", "name", "updated_at") VALUES (?, ?, ?, ?)[0m  [["created_at", "2016-09-12 17:41:04.074659"], ["description", "I was created and am owned by TU-2."], ["name", "Test Blog 4"], ["updated_at", "2016-09-12 17:41:04.074659"]]
  [1m[35mSQL (0.1ms)[0m  INSERT INTO "owners" ("blog_id", "created_at", "updated_at", "user_id") VALUES (?, ?, ?, ?)  [["blog_id", 4], ["created_at", "2016-09-12 17:41:04.076852"], ["updated_at", "2016-09-12 17:41:04.076852"], ["user_id", 2]]
  [1m[36m (1.4ms)[0m  [1mcommit transaction[0m
  [1m[35mUser Load (0.2ms)[0m  SELECT  "users".* FROM "users"  WHERE "users"."id" = ? LIMIT 1  [["id", 2]]
  [1m[36mBlog Load (0.1ms)[0m  [1mSELECT "blogs".* FROM "blogs" INNER JOIN "owners" ON "blogs"."id" = "owners"."blog_id" WHERE "owners"."user_id" = ?[0m  [["user_id", 2]]
  [1m[35mUser Load (0.2ms)[0m  SELECT  "users".* FROM "users"   ORDER BY "users"."id" DESC LIMIT 1
  [1m[36m (0.1ms)[0m  [1mbegin transaction[0m
  [1m[35mSQL (0.3ms)[0m  INSERT INTO "blogs" ("created_at", "description", "name", "updated_at") VALUES (?, ?, ?, ?)  [["created_at", "2016-09-12 17:41:38.514509"], ["description", "I was created and am owned by TU-5."], ["name", "Test Blog 5"], ["updated_at", "2016-09-12 17:41:38.514509"]]
  [1m[36mSQL (0.1ms)[0m  [1mINSERT INTO "owners" ("blog_id", "created_at", "updated_at", "user_id") VALUES (?, ?, ?, ?)[0m  [["blog_id", 5], ["created_at", "2016-09-12 17:41:38.516566"], ["updated_at", "2016-09-12 17:41:38.516566"], ["user_id", 5]]
  [1m[35m (1.6ms)[0m  commit transaction
  [1m[36mBlog Load (0.2ms)[0m  [1mSELECT "blogs".* FROM "blogs"[0m
  [1m[35mOwner Load (0.2ms)[0m  SELECT "owners".* FROM "owners"
  [1m[36mUser Load (0.2ms)[0m  [1mSELECT  "users".* FROM "users"  WHERE "users"."id" = ? LIMIT 1[0m  [["id", 1]]
  [1m[35mUser Load (0.1ms)[0m  SELECT  "users".* FROM "users"  WHERE "users"."id" = ? LIMIT 1  [["id", 1]]
  [1m[36mBlog Load (0.1ms)[0m  [1mSELECT "blogs".* FROM "blogs" INNER JOIN "owners" ON "blogs"."id" = "owners"."blog_id" WHERE "owners"."user_id" = ?[0m  [["user_id", 1]]
  [1m[35mOwner Load (0.1ms)[0m  SELECT "owners".* FROM "owners"
  [1m[36mUser Load (0.1ms)[0m  [1mSELECT  "users".* FROM "users"  WHERE "users"."id" = ? LIMIT 1[0m  [["id", 3]]
  [1m[35mOwner Load (0.1ms)[0m  SELECT  "owners".* FROM "owners"  WHERE "owners"."id" = ? LIMIT 1  [["id", 1]]
  [1m[36m (0.0ms)[0m  [1mbegin transaction[0m
  [1m[35mSQL (0.3ms)[0m  UPDATE "owners" SET "updated_at" = ?, "user_id" = ? WHERE "owners"."id" = 1  [["updated_at", "2016-09-12 17:45:37.256673"], ["user_id", 3]]
  [1m[36m (1.5ms)[0m  [1mcommit transaction[0m
  [1m[35mUser Load (0.2ms)[0m  SELECT  "users".* FROM "users"  WHERE "users"."id" = ? LIMIT 1  [["id", 3]]
  [1m[36mOwner Load (0.1ms)[0m  [1mSELECT  "owners".* FROM "owners"  WHERE "owners"."id" = ? LIMIT 1[0m  [["id", 2]]
  [1m[35m (0.1ms)[0m  begin transaction
  [1m[36mSQL (0.4ms)[0m  [1mUPDATE "owners" SET "updated_at" = ?, "user_id" = ? WHERE "owners"."id" = 2[0m  [["updated_at", "2016-09-12 17:48:11.780578"], ["user_id", 3]]
  [1m[35m (1.1ms)[0m  commit transaction
  [1m[36mUser Load (0.2ms)[0m  [1mSELECT  "users".* FROM "users"  WHERE "users"."id" = ? LIMIT 1[0m  [["id", 3]]
  [1m[35mOwner Load (0.1ms)[0m  SELECT  "owners".* FROM "owners"  WHERE "owners"."id" = ? LIMIT 1  [["id", 3]]
  [1m[36m (0.1ms)[0m  [1mbegin transaction[0m
  [1m[35mSQL (0.3ms)[0m  UPDATE "owners" SET "updated_at" = ?, "user_id" = ? WHERE "owners"."id" = 3  [["updated_at", "2016-09-12 17:48:17.348966"], ["user_id", 3]]
  [1m[36m (1.5ms)[0m  [1mcommit transaction[0m
  [1m[35mUser Load (0.2ms)[0m  SELECT  "users".* FROM "users"  WHERE "users"."id" = ? LIMIT 1  [["id", 3]]
  [1m[36mOwner Load (0.1ms)[0m  [1mSELECT  "owners".* FROM "owners"  WHERE "owners"."id" = ? LIMIT 1[0m  [["id", 4]]
  [1m[35m (0.1ms)[0m  begin transaction
  [1m[36mSQL (0.3ms)[0m  [1mUPDATE "owners" SET "updated_at" = ?, "user_id" = ? WHERE "owners"."id" = 4[0m  [["updated_at", "2016-09-12 17:48:24.229745"], ["user_id", 3]]
  [1m[35m (1.5ms)[0m  commit transaction
  [1m[36mUser Load (0.2ms)[0m  [1mSELECT  "users".* FROM "users"  WHERE "users"."id" = ? LIMIT 1[0m  [["id", 3]]
  [1m[35mOwner Load (0.1ms)[0m  SELECT  "owners".* FROM "owners"  WHERE "owners"."id" = ? LIMIT 1  [["id", 5]]
  [1m[36m (0.1ms)[0m  [1mbegin transaction[0m
  [1m[35mSQL (0.3ms)[0m  UPDATE "owners" SET "updated_at" = ?, "user_id" = ? WHERE "owners"."id" = 5  [["updated_at", "2016-09-12 17:48:28.758804"], ["user_id", 3]]
  [1m[36m (1.4ms)[0m  [1mcommit transaction[0m
  [1m[35mOwner Load (0.1ms)[0m  SELECT "owners".* FROM "owners"
  [1m[36mUser Load (0.2ms)[0m  [1mSELECT  "users".* FROM "users"  WHERE "users"."id" = ? LIMIT 1[0m  [["id", 3]]
  [1m[35mBlog Load (0.1ms)[0m  SELECT "blogs".* FROM "blogs" INNER JOIN "owners" ON "blogs"."id" = "owners"."blog_id" WHERE "owners"."user_id" = ?  [["user_id", 3]]
  [1m[36mUser Load (0.1ms)[0m  [1mSELECT  "users".* FROM "users"  WHERE "users"."id" = ? LIMIT 1[0m  [["id", 1]]
  [1m[35mBlog Load (0.2ms)[0m  SELECT  "blogs".* FROM "blogs" INNER JOIN "owners" ON "blogs"."id" = "owners"."blog_id" WHERE "owners"."user_id" = ? AND "blogs"."id" = ? LIMIT 1  [["user_id", 1], ["id", 2]]
  [1m[36mUser Load (0.2ms)[0m  [1mSELECT  "users".* FROM "users"  WHERE "users"."id" = ? LIMIT 1[0m  [["id", 1]]
  [1m[35mBlog Load (0.2ms)[0m  SELECT  "blogs".* FROM "blogs"  WHERE "blogs"."id" = ? LIMIT 1  [["id", 2]]
  [1m[36mUser Load (0.1ms)[0m  [1mSELECT  "users".* FROM "users"  WHERE "users"."id" = ? LIMIT 1[0m  [["id", 1]]
  [1m[35mBlog Load (0.1ms)[0m  SELECT  "blogs".* FROM "blogs"  WHERE "blogs"."id" = ? LIMIT 1  [["id", 2]]
  [1m[36mUser Load (0.1ms)[0m  [1mSELECT  "users".* FROM "users"  WHERE "users"."id" = ? LIMIT 1[0m  [["id", 1]]
  [1m[35mBlog Load (0.1ms)[0m  SELECT  "blogs".* FROM "blogs"  WHERE "blogs"."id" = ? LIMIT 1  [["id", 2]]
  [1m[36m (0.1ms)[0m  [1mbegin transaction[0m
  [1m[35mSQL (0.4ms)[0m  INSERT INTO "posts" ("blog_id", "content", "created_at", "title", "updated_at", "user_id") VALUES (?, ?, ?, ?, ?, ?)  [["blog_id", 2], ["content", "In the butt!!!"], ["created_at", "2016-09-12 17:52:50.241836"], ["title", "What What?!"], ["updated_at", "2016-09-12 17:52:50.241836"], ["user_id", 1]]
  [1m[36m (1.7ms)[0m  [1mcommit transaction[0m
  [1m[35mUser Load (0.1ms)[0m  SELECT  "users".* FROM "users"  WHERE "users"."id" = ? LIMIT 1  [["id", 1]]
  [1m[36mBlog Load (0.1ms)[0m  [1mSELECT  "blogs".* FROM "blogs"  WHERE "blogs"."id" = ? LIMIT 1[0m  [["id", 2]]
  [1m[35m (0.1ms)[0m  begin transaction
  [1m[36mSQL (0.3ms)[0m  [1mINSERT INTO "posts" ("blog_id", "content", "created_at", "title", "updated_at", "user_id") VALUES (?, ?, ?, ?, ?, ?)[0m  [["blog_id", 2], ["content", "In the butt!!!"], ["created_at", "2016-09-12 17:57:28.945900"], ["title", "What What1?!"], ["updated_at", "2016-09-12 17:57:28.945900"], ["user_id", 1]]
  [1m[35m (1.8ms)[0m  commit transaction
  [1m[36mUser Load (0.1ms)[0m  [1mSELECT  "users".* FROM "users"  WHERE "users"."id" = ? LIMIT 1[0m  [["id", 1]]
  [1m[35mBlog Load (0.1ms)[0m  SELECT  "blogs".* FROM "blogs"  WHERE "blogs"."id" = ? LIMIT 1  [["id", 2]]
  [1m[36m (0.1ms)[0m  [1mbegin transaction[0m
  [1m[35mSQL (0.3ms)[0m  INSERT INTO "posts" ("blog_id", "content", "created_at", "title", "updated_at", "user_id") VALUES (?, ?, ?, ?, ?, ?)  [["blog_id", 2], ["content", "In the butt!!!"], ["created_at", "2016-09-12 17:57:35.381715"], ["title", "What What2?!"], ["updated_at", "2016-09-12 17:57:35.381715"], ["user_id", 1]]
  [1m[36m (1.5ms)[0m  [1mcommit transaction[0m
  [1m[35mPost Load (0.3ms)[0m  SELECT "posts".* FROM "posts"
  [1m[36mUser Load (0.1ms)[0m  [1mSELECT  "users".* FROM "users"  WHERE "users"."id" = ? LIMIT 1[0m  [["id", 4]]
  [1m[35mPost Load (0.1ms)[0m  SELECT  "posts".* FROM "posts"  WHERE "posts"."id" = ? LIMIT 1  [["id", 1]]
  [1m[36m (0.1ms)[0m  [1mbegin transaction[0m
  [1m[35mSQL (0.5ms)[0m  INSERT INTO "messages" ("author", "created_at", "message", "post_id", "updated_at", "user_id") VALUES (?, ?, ?, ?, ?, ?)  [["author", "Test User 4"], ["created_at", "2016-09-12 18:00:19.994873"], ["message", "OMG WTF BBQ?!?!"], ["post_id", 1], ["updated_at", "2016-09-12 18:00:19.994873"], ["user_id", 4]]
  [1m[36m (2.2ms)[0m  [1mcommit transaction[0m
  [1m[35mUser Load (0.1ms)[0m  SELECT  "users".* FROM "users"  WHERE "users"."id" = ? LIMIT 1  [["id", 3]]
  [1m[36mPost Load (0.1ms)[0m  [1mSELECT "posts".* FROM "posts"  WHERE "posts"."user_id" = ?[0m  [["user_id", 3]]
  [1m[35mUser Load (0.1ms)[0m  SELECT  "users".* FROM "users"  WHERE "users"."id" = ? LIMIT 1  [["id", 4]]
  [1m[36mPost Load (0.1ms)[0m  [1mSELECT "posts".* FROM "posts"  WHERE "posts"."user_id" = ?[0m  [["user_id", 4]]
  [1m[35mUser Load (0.1ms)[0m  SELECT  "users".* FROM "users"  WHERE "users"."id" = ? LIMIT 1  [["id", 4]]
  [1m[36mPost Load (0.3ms)[0m  [1mSELECT "posts".* FROM "posts"[0m
  [1m[35mMessage Load (0.2ms)[0m  SELECT "messages".* FROM "messages"
  [1m[36mUser Load (0.1ms)[0m  [1mSELECT  "users".* FROM "users"  WHERE "users"."id" = ? LIMIT 1[0m  [["id", 4]]
  [1m[35mUser Load (0.1ms)[0m  SELECT  "users".* FROM "users"  WHERE "users"."id" = ? LIMIT 1  [["id", 4]]
  [1m[36mPost Load (0.2ms)[0m  [1mSELECT "posts".* FROM "posts"[0m
  [1m[35mPost Load (0.1ms)[0m  SELECT  "posts".* FROM "posts"  WHERE "posts"."id" = ? LIMIT 1  [["id", 1]]
  [1m[36mPost Load (0.2ms)[0m  [1mSELECT  "posts".* FROM "posts"  WHERE "posts"."id" = ? LIMIT 1[0m  [["id", 1]]
  [1m[35mMessage Load (0.2ms)[0m  SELECT "messages".* FROM "messages"  WHERE "messages"."post_id" = ?  [["post_id", 1]]
  [1m[36mPost Load (0.3ms)[0m  [1mSELECT "posts".* FROM "posts"[0m
  [1m[35mUser Load (0.1ms)[0m  SELECT  "users".* FROM "users"  WHERE "users"."id" = ? LIMIT 1  [["id", 3]]
  [1m[36mUser Load (0.1ms)[0m  [1mSELECT  "users".* FROM "users"  WHERE "users"."id" = ? LIMIT 1[0m  [["id", 3]]
  [1m[35mBlog Load (0.1ms)[0m  SELECT  "blogs".* FROM "blogs"  WHERE "blogs"."id" = ? LIMIT 1  [["id", 1]]
  [1m[36m (0.1ms)[0m  [1mbegin transaction[0m
  [1m[35mSQL (0.4ms)[0m  INSERT INTO "posts" ("blog_id", "content", "created_at", "title", "updated_at", "user_id") VALUES (?, ?, ?, ?, ?, ?)  [["blog_id", 1], ["content", "does this go?!"], ["created_at", "2016-09-12 18:08:36.800305"], ["title", "Where?"], ["updated_at", "2016-09-12 18:08:36.800305"], ["user_id", 3]]
  [1m[36m (1.5ms)[0m  [1mcommit transaction[0m
  [1m[35mUser Load (0.1ms)[0m  SELECT  "users".* FROM "users"  WHERE "users"."id" = ? LIMIT 1  [["id", 3]]
  [1m[36mBlog Load (0.1ms)[0m  [1mSELECT  "blogs".* FROM "blogs"  WHERE "blogs"."id" = ? LIMIT 1[0m  [["id", 2]]
  [1m[35m (0.1ms)[0m  begin transaction
  [1m[36mSQL (0.3ms)[0m  [1mINSERT INTO "posts" ("blog_id", "content", "created_at", "title", "updated_at", "user_id") VALUES (?, ?, ?, ?, ?, ?)[0m  [["blog_id", 2], ["content", "does this go?!"], ["created_at", "2016-09-12 18:08:44.183363"], ["title", "Where?"], ["updated_at", "2016-09-12 18:08:44.183363"], ["user_id", 3]]
  [1m[35m (1.6ms)[0m  commit transaction
  [1m[36mUser Load (0.1ms)[0m  [1mSELECT  "users".* FROM "users"  WHERE "users"."id" = ? LIMIT 1[0m  [["id", 3]]
  [1m[35mBlog Load (0.1ms)[0m  SELECT  "blogs".* FROM "blogs"  WHERE "blogs"."id" = ? LIMIT 1  [["id", 3]]
  [1m[36m (0.1ms)[0m  [1mbegin transaction[0m
  [1m[35mSQL (0.3ms)[0m  INSERT INTO "posts" ("blog_id", "content", "created_at", "title", "updated_at", "user_id") VALUES (?, ?, ?, ?, ?, ?)  [["blog_id", 3], ["content", "does this go?!"], ["created_at", "2016-09-12 18:08:50.435435"], ["title", "Where?"], ["updated_at", "2016-09-12 18:08:50.435435"], ["user_id", 3]]
  [1m[36m (1.4ms)[0m  [1mcommit transaction[0m
  [1m[35mUser Load (0.1ms)[0m  SELECT  "users".* FROM "users"  WHERE "users"."id" = ? LIMIT 1  [["id", 3]]
  [1m[36mBlog Load (0.1ms)[0m  [1mSELECT  "blogs".* FROM "blogs"  WHERE "blogs"."id" = ? LIMIT 1[0m  [["id", 4]]
  [1m[35m (0.1ms)[0m  begin transaction
  [1m[36mSQL (0.3ms)[0m  [1mINSERT INTO "posts" ("blog_id", "content", "created_at", "title", "updated_at", "user_id") VALUES (?, ?, ?, ?, ?, ?)[0m  [["blog_id", 4], ["content", "does this go?!"], ["created_at", "2016-09-12 18:08:57.406964"], ["title", "Where?"], ["updated_at", "2016-09-12 18:08:57.406964"], ["user_id", 3]]
  [1m[35m (1.4ms)[0m  commit transaction
  [1m[36mBlog Load (0.2ms)[0m  [1mSELECT "blogs".* FROM "blogs"[0m
  [1m[35mPost Load (0.2ms)[0m  SELECT "posts".* FROM "posts"
  [1m[36mBlog Load (0.1ms)[0m  [1mSELECT  "blogs".* FROM "blogs"  WHERE "blogs"."id" = ? LIMIT 1[0m  [["id", 1]]
  [1m[35mBlog Load (0.2ms)[0m  SELECT  "blogs".* FROM "blogs"  WHERE "blogs"."id" = ? LIMIT 1  [["id", 1]]
  [1m[36mPost Load (0.2ms)[0m  [1mSELECT "posts".* FROM "posts"  WHERE "posts"."blog_id" = ?[0m  [["blog_id", 1]]
  [1m[35mUser Load (0.1ms)[0m  SELECT  "users".* FROM "users"  WHERE "users"."id" = ? LIMIT 1  [["id", 4]]
  [1m[36mPost Load (0.2ms)[0m  [1mSELECT  "posts".* FROM "posts"   ORDER BY "posts"."id" DESC LIMIT 1[0m
  [1m[35m (0.1ms)[0m  begin transaction
  [1m[36mSQL (0.3ms)[0m  [1mINSERT INTO "messages" ("author", "created_at", "message", "post_id", "updated_at", "user_id") VALUES (?, ?, ?, ?, ?, ?)[0m  [["author", "Test User 4"], ["created_at", "2016-09-12 18:19:56.815527"], ["message", "weiaufhwieufh"], ["post_id", 7], ["updated_at", "2016-09-12 18:19:56.815527"], ["user_id", 4]]
  [1m[35m (1.5ms)[0m  commit transaction
  [1m[36mUser Load (0.1ms)[0m  [1mSELECT  "users".* FROM "users"  WHERE "users"."id" = ? LIMIT 1[0m  [["id", 4]]
  [1m[35mPost Load (0.1ms)[0m  SELECT  "posts".* FROM "posts"   ORDER BY "posts"."id" DESC LIMIT 1
  [1m[36m (0.0ms)[0m  [1mbegin transaction[0m
  [1m[35mSQL (0.3ms)[0m  INSERT INTO "messages" ("author", "created_at", "message", "post_id", "updated_at", "user_id") VALUES (?, ?, ?, ?, ?, ?)  [["author", "Test User 4"], ["created_at", "2016-09-12 18:20:09.385562"], ["message", "weiaufhwieufh"], ["post_id", 7], ["updated_at", "2016-09-12 18:20:09.385562"], ["user_id", 4]]
  [1m[36m (1.5ms)[0m  [1mcommit transaction[0m
  [1m[35mUser Load (0.1ms)[0m  SELECT  "users".* FROM "users"  WHERE "users"."id" = ? LIMIT 1  [["id", 4]]
  [1m[36mPost Load (0.1ms)[0m  [1mSELECT  "posts".* FROM "posts"   ORDER BY "posts"."id" DESC LIMIT 1[0m
  [1m[35m (0.1ms)[0m  begin transaction
  [1m[36mSQL (0.3ms)[0m  [1mINSERT INTO "messages" ("author", "created_at", "message", "post_id", "updated_at", "user_id") VALUES (?, ?, ?, ?, ?, ?)[0m  [["author", "Test User 4"], ["created_at", "2016-09-12 18:20:10.100357"], ["message", "weiaufhwieufh"], ["post_id", 7], ["updated_at", "2016-09-12 18:20:10.100357"], ["user_id", 4]]
  [1m[35m (1.5ms)[0m  commit transaction
  [1m[36mOwner Load (0.2ms)[0m  [1mSELECT "owners".* FROM "owners"[0m
  [1m[35mUser Load (0.1ms)[0m  SELECT  "users".* FROM "users"   ORDER BY "users"."id" DESC LIMIT 1
  [1m[36mOwner Load (0.1ms)[0m  [1mSELECT  "owners".* FROM "owners"  WHERE "owners"."id" = ? LIMIT 1[0m  [["id", 2]]
  [1m[35m (0.0ms)[0m  begin transaction
  [1m[36mSQL (0.8ms)[0m  [1mUPDATE "owners" SET "updated_at" = ?, "user_id" = ? WHERE "owners"."id" = 2[0m  [["updated_at", "2016-09-12 18:20:56.012907"], ["user_id", 5]]
  [1m[35m (1.4ms)[0m  commit transaction
  [1m[36mOwner Load (0.2ms)[0m  [1mSELECT "owners".* FROM "owners"[0m
  [1m[35mPost Load (0.1ms)[0m  SELECT  "posts".* FROM "posts"  WHERE "posts"."id" = ? LIMIT 1  [["id", 2]]
  [1m[36mPost Load (0.2ms)[0m  [1mSELECT  "posts".* FROM "posts"  WHERE "posts"."id" = ? LIMIT 1[0m  [["id", 2]]
  [1m[35m (0.1ms)[0m  begin transaction
  [1m[36mSQL (0.4ms)[0m  [1mUPDATE "posts" SET "content" = ?, "updated_at" = ? WHERE "posts"."id" = 2[0m  [["content", "No no no... Not in the butt!"], ["updated_at", "2016-09-12 18:21:35.154980"]]
  [1m[35m (1.6ms)[0m  commit transaction
  [1m[36mUser Load (0.1ms)[0m  [1mSELECT  "users".* FROM "users"  WHERE "users"."id" = ? LIMIT 1[0m  [["id", 3]]
  [1m[35mBlog Load (0.1ms)[0m  SELECT "blogs".* FROM "blogs"
  [1m[36mBlog Load (0.1ms)[0m  [1mSELECT "blogs".* FROM "blogs"[0m
  [1m[35mOwner Load (0.2ms)[0m  SELECT "owners".* FROM "owners"
  [1m[36mUser Load (0.1ms)[0m  [1mSELECT  "users".* FROM "users"  WHERE "users"."id" = ? LIMIT 1[0m  [["id", 1]]
  [1m[35mBlog Load (0.1ms)[0m  SELECT  "blogs".* FROM "blogs"  WHERE "blogs"."id" = ? LIMIT 1  [["id", 1]]
  [1m[36mUser Load (0.1ms)[0m  [1mSELECT  "users".* FROM "users"  WHERE "users"."id" = ? LIMIT 1[0m  [["id", 1]]
  [1m[35mOwner Load (0.1ms)[0m  SELECT  "owners".* FROM "owners"  WHERE "owners"."id" = ? LIMIT 1  [["id", 1]]
  [1m[36m (0.1ms)[0m  [1mbegin transaction[0m
  [1m[35mSQL (0.3ms)[0m  UPDATE "owners" SET "updated_at" = ?, "user_id" = ? WHERE "owners"."id" = 1  [["updated_at", "2016-09-12 18:30:23.786128"], ["user_id", 1]]
  [1m[36m (1.4ms)[0m  [1mcommit transaction[0m
  [1m[35mUser Load (0.1ms)[0m  SELECT  "users".* FROM "users"  WHERE "users"."id" = ? LIMIT 1  [["id", 1]]
  [1m[36mBlog Load (0.1ms)[0m  [1mSELECT "blogs".* FROM "blogs" INNER JOIN "owners" ON "blogs"."id" = "owners"."blog_id" WHERE "owners"."user_id" = ?[0m  [["user_id", 1]]
  [1m[35mUser Load (0.1ms)[0m  SELECT  "users".* FROM "users"  WHERE "users"."id" = ? LIMIT 1  [["id", 3]]
  [1m[36mBlog Load (0.1ms)[0m  [1mSELECT "blogs".* FROM "blogs" INNER JOIN "owners" ON "blogs"."id" = "owners"."blog_id" WHERE "owners"."user_id" = ?[0m  [["user_id", 3]]
  [1m[35mUser Load (0.1ms)[0m  SELECT  "users".* FROM "users"  WHERE "users"."id" = ? LIMIT 1  [["id", 3]]
  [1m[36mBlog Load (0.1ms)[0m  [1mSELECT  "blogs".* FROM "blogs"  WHERE "blogs"."id" = ? LIMIT 1[0m  [["id", 1]]
  [1m[35mOwner Load (0.2ms)[0m  SELECT "owners".* FROM "owners"  WHERE "owners"."blog_id" = ?  [["blog_id", 1]]
  [1m[36mBlog Load (0.1ms)[0m  [1mSELECT  "blogs".* FROM "blogs"  WHERE "blogs"."id" = ? LIMIT 1[0m  [["id", 1]]
  [1m[35m (0.1ms)[0m  begin transaction
  [1m[36mSQL (0.4ms)[0m  [1mINSERT INTO "owners" ("blog_id", "created_at", "updated_at") VALUES (?, ?, ?)[0m  [["blog_id", 1], ["created_at", "2016-09-12 18:45:24.614413"], ["updated_at", "2016-09-12 18:45:24.614413"]]
  [1m[35m (1.5ms)[0m  commit transaction
  [1m[36mUser Load (0.3ms)[0m  [1mSELECT  "users".* FROM "users"   ORDER BY "users"."id" ASC LIMIT 1[0m
  [1m[35mUser Load (0.1ms)[0m  SELECT  "users".* FROM "users"  WHERE "users"."id" = ? LIMIT 1  [["id", 3]]
  [1m[36mUser Load (0.1ms)[0m  [1mSELECT  "users".* FROM "users"  WHERE "users"."id" = ? LIMIT 1[0m  [["id", 3]]
  [1m[35mUser Load (0.2ms)[0m  SELECT  "users".* FROM "users"  WHERE "users"."id" = ? LIMIT 1  [["id", 1]]
  [1m[36mSQL (0.2ms)[0m  [1mUPDATE "owners" SET "user" = 1[0m
SQLite3::SQLException: no such column: user: UPDATE "owners" SET "user" = 1
  [1m[35mBlog Load (0.2ms)[0m  SELECT "blogs".* FROM "blogs"
  [1m[36mBlog Load (0.2ms)[0m  [1mSELECT "blogs".* FROM "blogs"[0m
  [1m[35mOwner Load (0.2ms)[0m  SELECT "owners".* FROM "owners"
  [1m[36mUser Load (0.1ms)[0m  [1mSELECT  "users".* FROM "users"  WHERE "users"."id" = ? LIMIT 1[0m  [["id", 1]]
  [1m[35mUser Load (0.1ms)[0m  SELECT  "users".* FROM "users"  WHERE "users"."id" = ? LIMIT 1  [["id", 1]]
  [1m[36m (0.1ms)[0m  [1mSELECT COUNT(*) FROM "blogs"[0m
  [1m[35mBlog Load (0.1ms)[0m  SELECT "blogs".* FROM "blogs"
  [1m[36mSQL (0.2ms)[0m  [1mUPDATE "owners" SET "user" = 1, "blog" = 1,2,3,4,5[0m
SQLite3::SQLException: near "2": syntax error: UPDATE "owners" SET "user" = 1, "blog" = 1,2,3,4,5
  [1m[35mOwner Load (0.3ms)[0m  SELECT "owners".* FROM "owners"
  [1m[36mBlog Load (0.2ms)[0m  [1mSELECT  "blogs".* FROM "blogs"   ORDER BY "blogs"."id" ASC LIMIT 1[0m
  [1m[35mBlog Load (0.2ms)[0m  SELECT  "blogs".* FROM "blogs"   ORDER BY "blogs"."id" ASC LIMIT 1
  [1m[36mOwner Load (0.1ms)[0m  [1mSELECT "owners".* FROM "owners"  WHERE "owners"."blog_id" = ?[0m  [["blog_id", 1]]
  [1m[35mBlog Load (0.2ms)[0m  SELECT  "blogs".* FROM "blogs"  WHERE "blogs"."id" = ? LIMIT 1  [["id", 1]]
  [1m[36mPost Load (0.1ms)[0m  [1mSELECT "posts".* FROM "posts"  WHERE "posts"."blog_id" = ?[0m  [["blog_id", 1]]
  [1m[35mBlog Load (0.1ms)[0m  SELECT  "blogs".* FROM "blogs"  WHERE "blogs"."id" = ? LIMIT 1  [["id", 1]]
  [1m[36mPost Load (0.1ms)[0m  [1mSELECT "posts".* FROM "posts"  WHERE "posts"."blog_id" = ?[0m  [["blog_id", 1]]
  [1m[35mBlog Load (0.1ms)[0m  SELECT  "blogs".* FROM "blogs"  WHERE "blogs"."id" = ? LIMIT 1  [["id", 1]]
  [1m[36mPost Load (0.1ms)[0m  [1mSELECT "posts".* FROM "posts"  WHERE "posts"."blog_id" = ?[0m  [["blog_id", 1]]
  [1m[35m (0.2ms)[0m  SELECT COUNT(*) FROM "blogs"
  [1m[36mBlog Load (0.1ms)[0m  [1mSELECT "blogs".* FROM "blogs"[0m
  [1m[35mSQL (0.2ms)[0m  UPDATE "owners" SET "user" = 1, "blog" = 1,2,3,4,5
SQLite3::SQLException: near "2": syntax error: UPDATE "owners" SET "user" = 1, "blog" = 1,2,3,4,5
  [1m[36mPost Load (0.2ms)[0m  [1mSELECT "posts".* FROM "posts"[0m
  [1m[35mUser Load (0.1ms)[0m  SELECT  "users".* FROM "users"  WHERE "users"."id" = ? LIMIT 1  [["id", 5]]
  [1m[36mUser Load (0.2ms)[0m  [1mSELECT  "users".* FROM "users"  WHERE "users"."id" = ? LIMIT 1[0m  [["id", 5]]
  [1m[35mPost Load (0.1ms)[0m  SELECT  "posts".* FROM "posts"  WHERE "posts"."id" = ? LIMIT 1  [["id", 3]]
  [1m[36m (0.1ms)[0m  [1mbegin transaction[0m
  [1m[35mSQL (1.0ms)[0m  UPDATE "posts" SET "updated_at" = ?, "user_id" = ? WHERE "posts"."id" = 3  [["updated_at", "2016-09-12 19:07:58.074294"], ["user_id", 5]]
  [1m[36m (1.4ms)[0m  [1mcommit transaction[0m
  [1m[35mBlog Load (0.1ms)[0m  SELECT  "blogs".* FROM "blogs"  WHERE "blogs"."id" = ? LIMIT 1  [["id", 1]]
  [1m[36mOwner Load (0.3ms)[0m  [1mSELECT "owners".* FROM "owners"[0m
  [1m[35mUser Load (0.2ms)[0m  SELECT  "users".* FROM "users"  WHERE "users"."id" = ? LIMIT 1  [["id", 3]]
  [1m[36mBlog Load (0.1ms)[0m  [1mSELECT "blogs".* FROM "blogs" INNER JOIN "owners" ON "blogs"."id" = "owners"."blog_id" WHERE "owners"."user_id" = ?[0m  [["user_id", 3]]
  [1m[35mUser Load (0.1ms)[0m  SELECT  "users".* FROM "users"  WHERE "users"."id" = ? LIMIT 1  [["id", 1]]
  [1m[36mBlog Load (0.1ms)[0m  [1mSELECT "blogs".* FROM "blogs" INNER JOIN "owners" ON "blogs"."id" = "owners"."blog_id" WHERE "owners"."user_id" = ?[0m  [["user_id", 1]]
  [1m[35mBlog Load (0.1ms)[0m  SELECT  "blogs".* FROM "blogs"  WHERE "blogs"."id" = ? LIMIT 1  [["id", 1]]
  [1m[36mBlog Load (0.1ms)[0m  [1mSELECT  "blogs".* FROM "blogs"  WHERE "blogs"."id" = ? LIMIT 1[0m  [["id", 1]]
  [1m[35mUser Load (0.2ms)[0m  SELECT "users".* FROM "users" INNER JOIN "owners" ON "users"."id" = "owners"."user_id" WHERE "owners"."blog_id" = ?  [["blog_id", 1]]
  [1m[36mBlog Load (0.1ms)[0m  [1mSELECT  "blogs".* FROM "blogs"  WHERE "blogs"."id" = ? LIMIT 1[0m  [["id", 1]]
  [1m[35mPost Load (0.1ms)[0m  SELECT "posts".* FROM "posts"  WHERE "posts"."blog_id" = ?  [["blog_id", 1]]
  [1m[36mBlog Load (0.1ms)[0m  [1mSELECT  "blogs".* FROM "blogs"   ORDER BY "blogs"."id" ASC LIMIT 1[0m
  [1m[35mOwner Load (0.1ms)[0m  SELECT "owners".* FROM "owners"  WHERE "owners"."blog_id" = ?  [["blog_id", 1]]
  [1m[36mBlog Load (0.1ms)[0m  [1mSELECT  "blogs".* FROM "blogs"   ORDER BY "blogs"."id" ASC LIMIT 1[0m
  [1m[35mOwner Load (0.1ms)[0m  SELECT "owners".* FROM "owners"  WHERE "owners"."blog_id" = ?  [["blog_id", 1]]
  [1m[36mBlog Load (0.2ms)[0m  [1mSELECT  "blogs".* FROM "blogs"   ORDER BY "blogs"."id" ASC LIMIT 1[0m
  [1m[35mUser Load (0.1ms)[0m  SELECT "users".* FROM "users" INNER JOIN "owners" ON "users"."id" = "owners"."user_id" WHERE "owners"."blog_id" = ?  [["blog_id", 1]]
  [1m[36mBlog Load (0.2ms)[0m  [1mSELECT  "blogs".* FROM "blogs"   ORDER BY "blogs"."id" ASC LIMIT 1[0m
  [1m[36mActiveRecord::SchemaMigration Load (0.5ms)[0m  [1mSELECT "schema_migrations".* FROM "schema_migrations"[0m
Migrating to CreateComments (20160912193326)
  [1m[35m (0.1ms)[0m  begin transaction
  [1m[36m (0.9ms)[0m  [1mCREATE TABLE "comments" ("id" INTEGER PRIMARY KEY AUTOINCREMENT NOT NULL, "comment" varchar(255), "commentable_id" integer, "commentable_type" varchar(255), "created_at" datetime, "updated_at" datetime) [0m
  [1m[35m (0.1ms)[0m  select sqlite_version(*)
  [1m[36m (0.3ms)[0m  [1mCREATE  INDEX "index_comments_on_commentable_id_and_commentable_type" ON "comments" ("commentable_id", "commentable_type")[0m
  [1m[35mSQL (0.4ms)[0m  INSERT INTO "schema_migrations" ("version") VALUES (?)  [["version", "20160912193326"]]
  [1m[36m (1.0ms)[0m  [1mcommit transaction[0m
  [1m[35mActiveRecord::SchemaMigration Load (0.2ms)[0m  SELECT "schema_migrations".* FROM "schema_migrations"
  [1m[36m (0.2ms)[0m  [1m            SELECT sql
            FROM sqlite_master
            WHERE name='index_comments_on_commentable_id_and_commentable_type' AND type='index'
            UNION ALL
            SELECT sql
            FROM sqlite_temp_master
            WHERE name='index_comments_on_commentable_id_and_commentable_type' AND type='index'
[0m
  [1m[35m (0.2ms)[0m              SELECT sql
            FROM sqlite_master
            WHERE name='index_messages_on_post_id' AND type='index'
            UNION ALL
            SELECT sql
            FROM sqlite_temp_master
            WHERE name='index_messages_on_post_id' AND type='index'

  [1m[36m (0.1ms)[0m  [1m            SELECT sql
            FROM sqlite_master
            WHERE name='index_messages_on_user_id' AND type='index'
            UNION ALL
            SELECT sql
            FROM sqlite_temp_master
            WHERE name='index_messages_on_user_id' AND type='index'
[0m
  [1m[35m (0.2ms)[0m              SELECT sql
            FROM sqlite_master
            WHERE name='index_owners_on_blog_id' AND type='index'
            UNION ALL
            SELECT sql
            FROM sqlite_temp_master
            WHERE name='index_owners_on_blog_id' AND type='index'

  [1m[36m (0.1ms)[0m  [1m            SELECT sql
            FROM sqlite_master
            WHERE name='index_owners_on_user_id' AND type='index'
            UNION ALL
            SELECT sql
            FROM sqlite_temp_master
            WHERE name='index_owners_on_user_id' AND type='index'
[0m
  [1m[35m (0.2ms)[0m              SELECT sql
            FROM sqlite_master
            WHERE name='index_posts_on_user_id' AND type='index'
            UNION ALL
            SELECT sql
            FROM sqlite_temp_master
            WHERE name='index_posts_on_user_id' AND type='index'

  [1m[36m (0.3ms)[0m  [1m            SELECT sql
            FROM sqlite_master
            WHERE name='index_posts_on_blog_id' AND type='index'
            UNION ALL
            SELECT sql
            FROM sqlite_temp_master
            WHERE name='index_posts_on_blog_id' AND type='index'
[0m
  [1m[36mUser Load (2.9ms)[0m  [1mSELECT "users".* FROM "users"[0m
  [1m[36mActiveRecord::SchemaMigration Load (0.6ms)[0m  [1mSELECT "schema_migrations".* FROM "schema_migrations"[0m
  [1m[35mActiveRecord::SchemaMigration Load (0.2ms)[0m  SELECT "schema_migrations".* FROM "schema_migrations"
  [1m[36m (0.2ms)[0m  [1m            SELECT sql
            FROM sqlite_master
            WHERE name='index_comments_on_commentable_id_and_commentable_type' AND type='index'
            UNION ALL
            SELECT sql
            FROM sqlite_temp_master
            WHERE name='index_comments_on_commentable_id_and_commentable_type' AND type='index'
[0m
  [1m[35m (0.2ms)[0m              SELECT sql
            FROM sqlite_master
            WHERE name='index_messages_on_post_id' AND type='index'
            UNION ALL
            SELECT sql
            FROM sqlite_temp_master
            WHERE name='index_messages_on_post_id' AND type='index'

  [1m[36m (0.2ms)[0m  [1m            SELECT sql
            FROM sqlite_master
            WHERE name='index_messages_on_user_id' AND type='index'
            UNION ALL
            SELECT sql
            FROM sqlite_temp_master
            WHERE name='index_messages_on_user_id' AND type='index'
[0m
  [1m[35m (0.2ms)[0m              SELECT sql
            FROM sqlite_master
            WHERE name='index_owners_on_blog_id' AND type='index'
            UNION ALL
            SELECT sql
            FROM sqlite_temp_master
            WHERE name='index_owners_on_blog_id' AND type='index'

  [1m[36m (0.1ms)[0m  [1m            SELECT sql
            FROM sqlite_master
            WHERE name='index_owners_on_user_id' AND type='index'
            UNION ALL
            SELECT sql
            FROM sqlite_temp_master
            WHERE name='index_owners_on_user_id' AND type='index'
[0m
  [1m[35m (0.2ms)[0m              SELECT sql
            FROM sqlite_master
            WHERE name='index_posts_on_user_id' AND type='index'
            UNION ALL
            SELECT sql
            FROM sqlite_temp_master
            WHERE name='index_posts_on_user_id' AND type='index'

  [1m[36m (0.2ms)[0m  [1m            SELECT sql
            FROM sqlite_master
            WHERE name='index_posts_on_blog_id' AND type='index'
            UNION ALL
            SELECT sql
            FROM sqlite_temp_master
            WHERE name='index_posts_on_blog_id' AND type='index'
[0m
  [1m[36mUser Load (2.7ms)[0m  [1mSELECT "users".* FROM "users"[0m
  [1m[35mUser Load (0.3ms)[0m  SELECT  "users".* FROM "users"  WHERE "users"."id" = ? LIMIT 1  [["id", 1]]
  [1m[36mComment Load (0.6ms)[0m  [1mSELECT "comments".* FROM "comments"  WHERE "comments"."commentable_id" = ? AND "comments"."commentable_type" = ?[0m  [["commentable_id", 1], ["commentable_type", "User"]]
  [1m[35mUser Load (0.2ms)[0m  SELECT  "users".* FROM "users"  WHERE "users"."id" = ? LIMIT 1  [["id", 1]]
  [1m[36mUser Load (0.2ms)[0m  [1mSELECT  "users".* FROM "users"  WHERE "users"."id" = ? LIMIT 1[0m  [["id", 1]]
  [1m[35mComment Load (0.1ms)[0m  SELECT "comments".* FROM "comments"  WHERE "comments"."commentable_id" = ? AND "comments"."commentable_type" = ?  [["commentable_id", 1], ["commentable_type", "User"]]
  [1m[36mUser Load (0.2ms)[0m  [1mSELECT  "users".* FROM "users"  WHERE "users"."id" = ? LIMIT 1[0m  [["id", 1]]
  [1m[35mUser Load (0.2ms)[0m  SELECT  "users".* FROM "users"  WHERE "users"."id" = ? LIMIT 1  [["id", 1]]
  [1m[36m (0.2ms)[0m  [1mbegin transaction[0m
  [1m[35mSQL (1.4ms)[0m  INSERT INTO "comments" ("commentable_id", "commentable_type", "created_at", "updated_at") VALUES (?, ?, ?, ?)  [["commentable_id", 1], ["commentable_type", "User"], ["created_at", "2016-09-12 19:39:12.259209"], ["updated_at", "2016-09-12 19:39:12.259209"]]
  [1m[36m (1.3ms)[0m  [1mcommit transaction[0m
  [1m[35mUser Load (0.2ms)[0m  SELECT  "users".* FROM "users"  WHERE "users"."id" = ? LIMIT 1  [["id", 1]]
  [1m[36m (0.1ms)[0m  [1mbegin transaction[0m
  [1m[35mSQL (0.6ms)[0m  INSERT INTO "comments" ("comment", "commentable_id", "commentable_type", "created_at", "updated_at") VALUES (?, ?, ?, ?, ?)  [["comment", "this guy..."], ["commentable_id", 1], ["commentable_type", "User"], ["created_at", "2016-09-12 19:39:32.563556"], ["updated_at", "2016-09-12 19:39:32.563556"]]
  [1m[36m (1.9ms)[0m  [1mcommit transaction[0m
  [1m[35mUser Load (0.2ms)[0m  SELECT  "users".* FROM "users"  WHERE "users"."id" = ? LIMIT 1  [["id", 1]]
  [1m[36mComment Load (0.2ms)[0m  [1mSELECT "comments".* FROM "comments"  WHERE "comments"."commentable_id" = ? AND "comments"."commentable_type" = ?[0m  [["commentable_id", 1], ["commentable_type", "User"]]
  [1m[35mUser Load (0.2ms)[0m  SELECT  "users".* FROM "users"  WHERE "users"."id" = ? LIMIT 1  [["id", 1]]
  [1m[36mComment Load (0.2ms)[0m  [1mSELECT "comments".* FROM "comments"  WHERE "comments"."commentable_id" = ? AND "comments"."commentable_type" = ?[0m  [["commentable_id", 1], ["commentable_type", "User"]]
  [1m[35mComment Load (0.3ms)[0m  SELECT "comments".* FROM "comments"
  [1m[36mComment Load (0.3ms)[0m  [1mSELECT  "comments".* FROM "comments"  WHERE "comments"."id" = ? LIMIT 1[0m  [["id", 1]]
  [1m[35mSQL (1.3ms)[0m  DELETE FROM "comments" WHERE "comments"."id" = 1
  [1m[36mComment Load (0.3ms)[0m  [1mSELECT "comments".* FROM "comments"[0m
  [1m[35mComment Load (0.1ms)[0m  SELECT  "comments".* FROM "comments"  WHERE "comments"."id" = ? LIMIT 1  [["id", 1]]
  [1m[36mComment Load (0.1ms)[0m  [1mSELECT  "comments".* FROM "comments"  WHERE "comments"."id" = ? LIMIT 1[0m  [["id", 1]]
  [1m[35mComment Load (0.1ms)[0m  SELECT  "comments".* FROM "comments"  WHERE "comments"."id" = ? LIMIT 1  [["id", 2]]
  [1m[36m (0.1ms)[0m  [1mbegin transaction[0m
  [1m[35mSQL (0.3ms)[0m  UPDATE "comments" SET "comment" = ?, "updated_at" = ? WHERE "comments"."id" = 2  [["comment", "Warble Garble"], ["updated_at", "2016-09-12 19:43:43.023290"]]
  [1m[36m (1.3ms)[0m  [1mcommit transaction[0m
  [1m[35mBlog Load (0.2ms)[0m  SELECT "blogs".* FROM "blogs"
  [1m[36mBlog Load (0.2ms)[0m  [1mSELECT "blogs".* FROM "blogs"[0m
  [1m[35mBlog Load (0.2ms)[0m  SELECT  "blogs".* FROM "blogs"  WHERE "blogs"."id" = ? LIMIT 1  [["id", 1]]
  [1m[36mComment Load (0.1ms)[0m  [1mSELECT "comments".* FROM "comments"  WHERE "comments"."commentable_id" = ? AND "comments"."commentable_type" = ?[0m  [["commentable_id", 1], ["commentable_type", "Blog"]]
  [1m[35mBlog Load (0.1ms)[0m  SELECT  "blogs".* FROM "blogs"  WHERE "blogs"."id" = ? LIMIT 1  [["id", 1]]
  [1m[36m (0.1ms)[0m  [1mbegin transaction[0m
  [1m[35mSQL (0.9ms)[0m  INSERT INTO "comments" ("commentable_id", "commentable_type", "created_at", "updated_at") VALUES (?, ?, ?, ?)  [["commentable_id", 1], ["commentable_type", "Blog"], ["created_at", "2016-09-12 19:45:12.343556"], ["updated_at", "2016-09-12 19:45:12.343556"]]
  [1m[36m (1.6ms)[0m  [1mcommit transaction[0m
  [1m[35mBlog Load (0.1ms)[0m  SELECT  "blogs".* FROM "blogs"  WHERE "blogs"."id" = ? LIMIT 1  [["id", 1]]
  [1m[36m (0.1ms)[0m  [1mbegin transaction[0m
  [1m[35mSQL (0.9ms)[0m  INSERT INTO "comments" ("comment", "commentable_id", "commentable_type", "created_at", "updated_at") VALUES (?, ?, ?, ?, ?)  [["comment", "what?!?!"], ["commentable_id", 1], ["commentable_type", "Blog"], ["created_at", "2016-09-12 19:45:25.044715"], ["updated_at", "2016-09-12 19:45:25.044715"]]
  [1m[36m (1.5ms)[0m  [1mcommit transaction[0m
  [1m[35mBlog Load (0.1ms)[0m  SELECT  "blogs".* FROM "blogs"  WHERE "blogs"."id" = ? LIMIT 1  [["id", 1]]
  [1m[36mComment Load (0.1ms)[0m  [1mSELECT "comments".* FROM "comments"  WHERE "comments"."commentable_id" = ? AND "comments"."commentable_type" = ?[0m  [["commentable_id", 1], ["commentable_type", "Blog"]]
  [1m[35mComment Load (0.1ms)[0m  SELECT  "comments".* FROM "comments"  WHERE "comments"."id" = ? LIMIT 1  [["id", 3]]
  [1m[36mSQL (3.5ms)[0m  [1mDELETE FROM "comments" WHERE "comments"."id" = 3[0m
  [1m[35mBlog Load (0.2ms)[0m  SELECT  "blogs".* FROM "blogs"  WHERE "blogs"."id" = ? LIMIT 1  [["id", 1]]
  [1m[36mComment Load (0.1ms)[0m  [1mSELECT "comments".* FROM "comments"  WHERE "comments"."commentable_id" = ? AND "comments"."commentable_type" = ?[0m  [["commentable_id", 1], ["commentable_type", "Blog"]]
  [1m[35mBlog Load (0.2ms)[0m  SELECT "blogs".* FROM "blogs"
  [1m[36mPost Load (0.2ms)[0m  [1mSELECT "posts".* FROM "posts"[0m
  [1m[35mBlog Load (0.2ms)[0m  SELECT  "blogs".* FROM "blogs"   ORDER BY "blogs"."id" ASC LIMIT 1
  [1m[36mUser Load (0.2ms)[0m  [1mSELECT "users".* FROM "users" INNER JOIN "owners" ON "users"."id" = "owners"."user_id" WHERE "owners"."blog_id" = ?[0m  [["blog_id", 1]]
  [1m[35mBlog Load (0.2ms)[0m  SELECT  "blogs".* FROM "blogs"   ORDER BY "blogs"."id" ASC LIMIT 1
  [1m[36mPost Load (0.2ms)[0m  [1mSELECT "posts".* FROM "posts"  WHERE "posts"."blog_id" = ?[0m  [["blog_id", 1]]
  [1m[35mBlog Load (0.2ms)[0m  SELECT  "blogs".* FROM "blogs"   ORDER BY "blogs"."id" ASC LIMIT 1
  [1m[36mPost Load (0.1ms)[0m  [1mSELECT "posts".* FROM "posts"  WHERE "posts"."blog_id" = ?[0m  [["blog_id", 1]]
  [1m[35mBlog Load (0.1ms)[0m  SELECT  "blogs".* FROM "blogs"   ORDER BY "blogs"."id" ASC LIMIT 1
  [1m[36mPost Load (0.1ms)[0m  [1mSELECT "posts".* FROM "posts"  WHERE "posts"."blog_id" = ?[0m  [["blog_id", 1]]
  [1m[35mBlog Load (0.2ms)[0m  SELECT  "blogs".* FROM "blogs"   ORDER BY "blogs"."id" ASC LIMIT 1
  [1m[36mUser Load (0.1ms)[0m  [1mSELECT "users".* FROM "users" INNER JOIN "owners" ON "users"."id" = "owners"."user_id" WHERE "owners"."blog_id" = ?[0m  [["blog_id", 1]]
  [1m[35mOwner Load (0.2ms)[0m  SELECT "owners".* FROM "owners"
  [1m[36mUser Load (0.1ms)[0m  [1mSELECT  "users".* FROM "users"   ORDER BY "users"."id" ASC LIMIT 1[0m
  [1m[35mBlog Load (0.1ms)[0m  SELECT  "blogs".* FROM "blogs"   ORDER BY "blogs"."id" ASC LIMIT 1
  [1m[36m (0.1ms)[0m  [1mbegin transaction[0m
  [1m[35mSQL (0.4ms)[0m  INSERT INTO "owners" ("blog_id", "created_at", "updated_at", "user_id") VALUES (?, ?, ?, ?)  [["blog_id", 1], ["created_at", "2016-09-12 19:54:31.875806"], ["updated_at", "2016-09-12 19:54:31.875806"], ["user_id", 1]]
  [1m[36m (0.7ms)[0m  [1mcommit transaction[0m
  [1m[35mOwner Load (0.3ms)[0m  SELECT "owners".* FROM "owners"
  [1m[36mBlog Load (0.1ms)[0m  [1mSELECT  "blogs".* FROM "blogs"   ORDER BY "blogs"."id" ASC LIMIT 1[0m
  [1m[35mPost Load (0.1ms)[0m  SELECT "posts".* FROM "posts"  WHERE "posts"."blog_id" = ?  [["blog_id", 1]]
  [1m[36mBlog Load (0.1ms)[0m  [1mSELECT  "blogs".* FROM "blogs"   ORDER BY "blogs"."id" ASC LIMIT 1[0m
  [1m[35mPost Load (0.1ms)[0m  SELECT "posts".* FROM "posts"  WHERE "posts"."blog_id" = ?  [["blog_id", 1]]
  [1m[36mBlog Load (0.2ms)[0m  [1mSELECT  "blogs".* FROM "blogs"   ORDER BY "blogs"."id" ASC LIMIT 1[0m
  [1m[35mPost Load (0.1ms)[0m  SELECT "posts".* FROM "posts"  WHERE "posts"."blog_id" = ?  [["blog_id", 1]]
  [1m[36mBlog Load (0.2ms)[0m  [1mSELECT  "blogs".* FROM "blogs"   ORDER BY "blogs"."id" ASC LIMIT 1[0m
  [1m[35mBlog Load (0.2ms)[0m  SELECT  "blogs".* FROM "blogs"   ORDER BY "blogs"."id" ASC LIMIT 1
  [1m[36mPost Load (0.1ms)[0m  [1mSELECT "posts".* FROM "posts"  WHERE "posts"."blog_id" = ?[0m  [["blog_id", 1]]
  [1m[35mBlog Load (0.1ms)[0m  SELECT  "blogs".* FROM "blogs"   ORDER BY "blogs"."id" ASC LIMIT 1
  [1m[36mPost Load (0.1ms)[0m  [1mSELECT "posts".* FROM "posts"  WHERE "posts"."blog_id" = ?[0m  [["blog_id", 1]]
  [1m[35mBlog Load (0.2ms)[0m  SELECT  "blogs".* FROM "blogs"   ORDER BY "blogs"."id" ASC LIMIT 1
  [1m[36mPost Load (0.1ms)[0m  [1mSELECT "posts".* FROM "posts"  WHERE "posts"."blog_id" = ?[0m  [["blog_id", 1]]
  [1m[35mBlog Load (0.1ms)[0m  SELECT  "blogs".* FROM "blogs"   ORDER BY "blogs"."id" ASC LIMIT 1
  [1m[36mPost Load (0.1ms)[0m  [1mSELECT "posts".* FROM "posts"  WHERE "posts"."blog_id" = ?[0m  [["blog_id", 1]]
  [1m[36mBlog Load (0.1ms)[0m  [1mSELECT  "blogs".* FROM "blogs"   ORDER BY "blogs"."id" ASC LIMIT 1[0m
  [1m[35mPost Load (0.2ms)[0m  SELECT "posts".* FROM "posts"  WHERE "posts"."blog_id" = ?  [["blog_id", 1]]
  [1m[36mPost Load (0.2ms)[0m  [1mSELECT  "posts".* FROM "posts"   ORDER BY "posts"."id" ASC LIMIT 1[0m
  [1m[35mUser Load (0.1ms)[0m  SELECT  "users".* FROM "users"  WHERE "users"."id" = ? LIMIT 1  [["id", 1]]
  [1m[36mPost Load (0.2ms)[0m  [1mSELECT  "posts".* FROM "posts"   ORDER BY "posts"."id" ASC LIMIT 1[0m
  [1m[35mUser Load (0.1ms)[0m  SELECT  "users".* FROM "users"  WHERE "users"."id" = ? LIMIT 1  [["id", 1]]
  [1m[36mBlog Load (0.1ms)[0m  [1mSELECT  "blogs".* FROM "blogs"   ORDER BY "blogs"."id" ASC LIMIT 1[0m
  [1m[35mPost Load (0.1ms)[0m  SELECT "posts".* FROM "posts"  WHERE "posts"."blog_id" = ?  [["blog_id", 1]]
  [1m[36mBlog Load (0.2ms)[0m  [1mSELECT  "blogs".* FROM "blogs"  WHERE "blogs"."id" = ? LIMIT 1[0m  [["id", 1]]
  [1m[35mBlog Load (0.1ms)[0m  SELECT  "blogs".* FROM "blogs"  WHERE "blogs"."id" = ? LIMIT 1  [["id", 1]]
  [1m[36mPost Load (0.1ms)[0m  [1mSELECT "posts".* FROM "posts"  WHERE "posts"."blog_id" = ?[0m  [["blog_id", 1]]
  [1m[35mBlog Load (0.2ms)[0m  SELECT  "blogs".* FROM "blogs"   ORDER BY "blogs"."id" ASC LIMIT 1
  [1m[36mPost Load (0.1ms)[0m  [1mSELECT "posts".* FROM "posts"  WHERE "posts"."blog_id" = ?[0m  [["blog_id", 1]]
  [1m[35mPost Load (0.2ms)[0m  SELECT  "posts".* FROM "posts"  WHERE "posts"."id" = ? LIMIT 1  [["id", 3]]
  [1m[36mUser Load (0.1ms)[0m  [1mSELECT  "users".* FROM "users"  WHERE "users"."id" = ? LIMIT 1[0m  [["id", 5]]
  [1m[35mPost Load (0.2ms)[0m  SELECT  "posts".* FROM "posts"  WHERE "posts"."id" = ? LIMIT 1  [["id", 4]]
  [1m[36mUser Load (0.1ms)[0m  [1mSELECT  "users".* FROM "users"  WHERE "users"."id" = ? LIMIT 1[0m  [["id", 3]]
  [1m[35mBlog Load (0.2ms)[0m  SELECT  "blogs".* FROM "blogs"   ORDER BY "blogs"."id" ASC LIMIT 1
  [1m[36mPost Load (0.1ms)[0m  [1mSELECT "posts".* FROM "posts"  WHERE "posts"."blog_id" = ?[0m  [["blog_id", 1]]
  [1m[35mBlog Load (0.2ms)[0m  SELECT  "blogs".* FROM "blogs"   ORDER BY "blogs"."id" ASC LIMIT 1
  [1m[36mPost Load (0.1ms)[0m  [1mSELECT "posts".* FROM "posts"  WHERE "posts"."blog_id" = ?[0m  [["blog_id", 1]]
  [1m[35mBlog Load (0.1ms)[0m  SELECT  "blogs".* FROM "blogs"   ORDER BY "blogs"."id" ASC LIMIT 1
  [1m[36mBlog Load (0.1ms)[0m  [1mSELECT  "blogs".* FROM "blogs"   ORDER BY "blogs"."id" ASC LIMIT 1[0m
  [1m[35mPost Load (0.1ms)[0m  SELECT "posts".* FROM "posts"  WHERE "posts"."blog_id" = ?  [["blog_id", 1]]
  [1m[36mUser Load (0.1ms)[0m  [1mSELECT "users".* FROM "users"  WHERE "users"."id" IN (3)[0m
  [1m[35mBlog Load (0.1ms)[0m  SELECT  "blogs".* FROM "blogs"   ORDER BY "blogs"."id" ASC LIMIT 1
  [1m[36mPost Load (0.1ms)[0m  [1mSELECT "posts".* FROM "posts"  WHERE "posts"."blog_id" = ?[0m  [["blog_id", 1]]
  [1m[35mUser Load (0.1ms)[0m  SELECT "users".* FROM "users"  WHERE "users"."id" IN (3)
  [1m[36mBlog Load (0.1ms)[0m  [1mSELECT  "blogs".* FROM "blogs"   ORDER BY "blogs"."id" ASC LIMIT 1[0m
  [1m[35mPost Load (0.2ms)[0m  SELECT "posts".* FROM "posts" INNER JOIN "users" ON "users"."id" = "posts"."user_id" WHERE "posts"."blog_id" = ?  [["blog_id", 1]]
  [1m[36mBlog Load (0.2ms)[0m  [1mSELECT  "blogs".* FROM "blogs"   ORDER BY "blogs"."id" ASC LIMIT 1[0m
  [1m[35mPost Load (0.1ms)[0m  SELECT "posts".* FROM "posts" INNER JOIN "users" ON "users"."id" = "posts"."user_id" WHERE "posts"."blog_id" = ?  [["blog_id", 1]]
  [1m[36mBlog Load (0.1ms)[0m  [1mSELECT  "blogs".* FROM "blogs"   ORDER BY "blogs"."id" ASC LIMIT 1[0m
  [1m[35mPost Load (0.1ms)[0m  SELECT "posts".* FROM "posts" INNER JOIN "users" ON "users"."id" = "posts"."user_id" WHERE "posts"."blog_id" = ?  [["blog_id", 1]]
  [1m[36mBlog Load (0.2ms)[0m  [1mSELECT  "blogs".* FROM "blogs"   ORDER BY "blogs"."id" ASC LIMIT 1[0m
  [1m[35mBlog Load (0.2ms)[0m  SELECT  "blogs".* FROM "blogs"   ORDER BY "blogs"."id" ASC LIMIT 1
  [1m[36mPost Load (0.1ms)[0m  [1mSELECT "posts".* FROM "posts"  WHERE "posts"."blog_id" = ?[0m  [["blog_id", 1]]
  [1m[35mBlog Load (0.2ms)[0m  SELECT  "blogs".* FROM "blogs"   ORDER BY "blogs"."id" ASC LIMIT 1
  [1m[36mPost Load (0.1ms)[0m  [1mSELECT "posts".* FROM "posts"  WHERE "posts"."blog_id" = ?[0m  [["blog_id", 1]]
  [1m[35mBlog Load (0.2ms)[0m  SELECT  "blogs".* FROM "blogs"   ORDER BY "blogs"."id" ASC LIMIT 1
  [1m[36mPost Load (0.1ms)[0m  [1mSELECT "posts".* FROM "posts"  WHERE "posts"."blog_id" = ?[0m  [["blog_id", 1]]
  [1m[35mBlog Load (0.2ms)[0m  SELECT  "blogs".* FROM "blogs"   ORDER BY "blogs"."id" ASC LIMIT 1
  [1m[36mPost Load (0.1ms)[0m  [1mSELECT "posts".* FROM "posts"  WHERE "posts"."blog_id" = ?[0m  [["blog_id", 1]]
  [1m[35mBlog Load (0.2ms)[0m  SELECT  "blogs".* FROM "blogs"   ORDER BY "blogs"."id" ASC LIMIT 1
  [1m[36mBlog Load (0.2ms)[0m  [1mSELECT  "blogs".* FROM "blogs"   ORDER BY "blogs"."id" ASC LIMIT 1[0m
  [1m[35mPost Load (0.2ms)[0m  SELECT  "posts".* FROM "posts"  WHERE "posts"."blog_id" = ?  ORDER BY "posts"."id" ASC LIMIT 1  [["blog_id", 1]]
  [1m[36mBlog Load (0.2ms)[0m  [1mSELECT  "blogs".* FROM "blogs"   ORDER BY "blogs"."id" ASC LIMIT 1[0m
  [1m[35mPost Load (0.1ms)[0m  SELECT  "posts".* FROM "posts"  WHERE "posts"."blog_id" = ?  ORDER BY "posts"."id" ASC LIMIT 1  [["blog_id", 1]]
  [1m[36mUser Load (0.1ms)[0m  [1mSELECT  "users".* FROM "users"  WHERE "users"."id" = ? LIMIT 1[0m  [["id", 3]]
  [1m[35mBlog Load (0.2ms)[0m  SELECT  "blogs".* FROM "blogs"   ORDER BY "blogs"."id" ASC LIMIT 1
  [1m[36mPost Load (0.1ms)[0m  [1mSELECT "posts".* FROM "posts"  WHERE "posts"."blog_id" = ?[0m  [["blog_id", 1]]
  [1m[35mBlog Load (0.2ms)[0m  SELECT  "blogs".* FROM "blogs"   ORDER BY "blogs"."id" ASC LIMIT 1
  [1m[36mPost Load (0.1ms)[0m  [1mSELECT  "posts".* FROM "posts"  WHERE "posts"."blog_id" = ?  ORDER BY "posts"."id" ASC LIMIT 1[0m  [["blog_id", 1]]
  [1m[35mUser Load (0.1ms)[0m  SELECT  "users".* FROM "users"  WHERE "users"."id" = ? LIMIT 1  [["id", 3]]
  [1m[36mBlog Load (0.3ms)[0m  [1mSELECT  "blogs".* FROM "blogs"   ORDER BY "blogs"."id" ASC LIMIT 1[0m
  [1m[35mPost Load (0.1ms)[0m  SELECT "posts".* FROM "posts"  WHERE "posts"."blog_id" = ?  [["blog_id", 1]]
  [1m[36mBlog Load (0.2ms)[0m  [1mSELECT  "blogs".* FROM "blogs"   ORDER BY "blogs"."id" ASC LIMIT 1[0m
  [1m[35mPost Load (0.1ms)[0m  SELECT "posts".* FROM "posts"  WHERE "posts"."blog_id" = ?  [["blog_id", 1]]
  [1m[36mBlog Load (0.2ms)[0m  [1mSELECT  "blogs".* FROM "blogs"   ORDER BY "blogs"."id" ASC LIMIT 1[0m
  [1m[35mPost Load (0.1ms)[0m  SELECT "posts".* FROM "posts"  WHERE "posts"."blog_id" = ?  [["blog_id", 1]]
  [1m[36mBlog Load (0.2ms)[0m  [1mSELECT  "blogs".* FROM "blogs"   ORDER BY "blogs"."id" ASC LIMIT 1[0m
  [1m[35mPost Load (0.1ms)[0m  SELECT "posts".* FROM "posts"  WHERE "posts"."blog_id" = ?  [["blog_id", 1]]
  [1m[36mBlog Load (0.2ms)[0m  [1mSELECT  "blogs".* FROM "blogs"   ORDER BY "blogs"."id" ASC LIMIT 1[0m
  [1m[35mPost Load (0.1ms)[0m  SELECT "posts".* FROM "posts"  WHERE "posts"."blog_id" = ?  [["blog_id", 1]]
  [1m[36mUser Load (0.2ms)[0m  [1mSELECT  "users".* FROM "users"  WHERE "users"."id" = ? LIMIT 1[0m  [["id", 2]]
  [1m[35mBlog Load (0.1ms)[0m  SELECT  "blogs".* FROM "blogs"   ORDER BY "blogs"."id" ASC LIMIT 1
  [1m[36m (0.1ms)[0m  [1mbegin transaction[0m
  [1m[35mSQL (0.5ms)[0m  INSERT INTO "posts" ("blog_id", "content", "created_at", "title", "updated_at", "user_id") VALUES (?, ?, ?, ?, ?, ?)  [["blog_id", 1], ["content", "wfieufhwiuehfwhef"], ["created_at", "2016-09-12 20:17:29.310533"], ["title", "WOihoawihsdfs"], ["updated_at", "2016-09-12 20:17:29.310533"], ["user_id", 2]]
  [1m[36m (0.7ms)[0m  [1mcommit transaction[0m
  [1m[35mBlog Load (0.2ms)[0m  SELECT  "blogs".* FROM "blogs"   ORDER BY "blogs"."id" ASC LIMIT 1
  [1m[36mPost Load (0.1ms)[0m  [1mSELECT "posts".* FROM "posts"  WHERE "posts"."blog_id" = ?[0m  [["blog_id", 1]]
  [1m[35mBlog Load (0.1ms)[0m  SELECT  "blogs".* FROM "blogs"   ORDER BY "blogs"."id" ASC LIMIT 1
  [1m[36mPost Load (0.1ms)[0m  [1mSELECT "posts".* FROM "posts"  WHERE "posts"."blog_id" = ?[0m  [["blog_id", 1]]
  [1m[35mBlog Load (0.1ms)[0m  SELECT  "blogs".* FROM "blogs"   ORDER BY "blogs"."id" ASC LIMIT 1
  [1m[36mBlog Load (0.1ms)[0m  [1mSELECT  "blogs".* FROM "blogs"   ORDER BY "blogs"."id" ASC LIMIT 1[0m
  [1m[35mPost Load (0.1ms)[0m  SELECT "posts".* FROM "posts" INNER JOIN "users" ON "users"."id" = "posts"."user_id" WHERE "posts"."blog_id" = ?  [["blog_id", 1]]
  [1m[36mBlog Load (0.2ms)[0m  [1mSELECT  "blogs".* FROM "blogs"   ORDER BY "blogs"."id" ASC LIMIT 1[0m
  [1m[35mPost Load (0.1ms)[0m  SELECT "posts".* FROM "posts" INNER JOIN "users" ON "users"."id" = "posts"."user_id" WHERE "posts"."blog_id" = ?  [["blog_id", 1]]
  [1m[36mBlog Load (0.2ms)[0m  [1mSELECT  "blogs".* FROM "blogs"   ORDER BY "blogs"."id" ASC LIMIT 1[0m
  [1m[35mPost Load (0.1ms)[0m  SELECT "posts".* FROM "posts" INNER JOIN "users" ON "users"."id" = "posts"."user_id" WHERE "posts"."blog_id" = ?  [["blog_id", 1]]
  [1m[36mBlog Load (0.2ms)[0m  [1mSELECT  "blogs".* FROM "blogs"   ORDER BY "blogs"."id" ASC LIMIT 1[0m
  [1m[35mPost Load (0.1ms)[0m  SELECT "posts".* FROM "posts" INNER JOIN "users" ON "users"."id" = "posts"."user_id" WHERE "posts"."blog_id" = ?  [["blog_id", 1]]
  [1m[36mBlog Load (0.2ms)[0m  [1mSELECT  "blogs".* FROM "blogs"   ORDER BY "blogs"."id" ASC LIMIT 1[0m
  [1m[35mBlog Load (0.2ms)[0m  SELECT  "blogs".* FROM "blogs"   ORDER BY "blogs"."id" ASC LIMIT 1
  [1m[36mPost Load (0.1ms)[0m  [1mSELECT "posts".* FROM "posts" INNER JOIN "users" ON "users"."id" = "posts"."user_id" WHERE "posts"."blog_id" = ?[0m  [["blog_id", 1]]
  [1m[35mBlog Load (0.2ms)[0m  SELECT  "blogs".* FROM "blogs"   ORDER BY "blogs"."id" ASC LIMIT 1
  [1m[36mBlog Load (0.2ms)[0m  [1mSELECT  "blogs".* FROM "blogs"   ORDER BY "blogs"."id" ASC LIMIT 1[0m
  [1m[35mBlog Load (0.1ms)[0m  SELECT  "blogs".* FROM "blogs"   ORDER BY "blogs"."id" ASC LIMIT 1
  [1m[36mBlog Load (0.2ms)[0m  [1mSELECT  "blogs".* FROM "blogs"   ORDER BY "blogs"."id" ASC LIMIT 1[0m
  [1m[35mPost Load (0.1ms)[0m  SELECT "posts".* FROM "posts" INNER JOIN "users" ON "users"."id" = "posts"."user_id" WHERE "posts"."blog_id" = ?  [["blog_id", 1]]
  [1m[36mBlog Load (0.2ms)[0m  [1mSELECT  "blogs".* FROM "blogs"   ORDER BY "blogs"."id" ASC LIMIT 1[0m
  [1m[35mPost Load (0.1ms)[0m  SELECT "posts".* FROM "posts" INNER JOIN "users" ON "users"."id" = "posts"."user_id" WHERE "posts"."blog_id" = ?  [["blog_id", 1]]
  [1m[36mBlog Load (0.2ms)[0m  [1mSELECT  "blogs".* FROM "blogs"   ORDER BY "blogs"."id" ASC LIMIT 1[0m
  [1m[35mPost Load (0.2ms)[0m  SELECT * FROM "posts" INNER JOIN "users" ON "users"."id" = "posts"."user_id" WHERE "posts"."blog_id" = ?  [["blog_id", 1]]
  [1m[36mBlog Load (0.2ms)[0m  [1mSELECT  "blogs".* FROM "blogs"   ORDER BY "blogs"."id" ASC LIMIT 1[0m
  [1m[35mPost Load (0.2ms)[0m  SELECT first_name FROM "posts" INNER JOIN "users" ON "users"."id" = "posts"."user_id" WHERE "posts"."blog_id" = ?  [["blog_id", 1]]
  [1m[36mMessage Load (1.5ms)[0m  [1mSELECT "messages".* FROM "messages"[0m
  [1m[35mMessage Load (0.2ms)[0m  SELECT "messages".* FROM "messages"
  [1m[36mPost Load (0.2ms)[0m  [1mSELECT  "posts".* FROM "posts"  WHERE "posts"."id" = ? LIMIT 1[0m  [["id", 1]]
  [1m[35mBlog Load (0.1ms)[0m  SELECT  "blogs".* FROM "blogs"  WHERE "blogs"."id" = ? LIMIT 1  [["id", 2]]
  [1m[36mPost Load (0.2ms)[0m  [1mSELECT "posts".* FROM "posts"  WHERE "posts"."blog_id" = ?[0m  [["blog_id", 2]]
  [1m[35mBlog Load (0.1ms)[0m  SELECT  "blogs".* FROM "blogs"  WHERE "blogs"."id" = ? LIMIT 1  [["id", 1]]
  [1m[36mPost Load (0.1ms)[0m  [1mSELECT "posts".* FROM "posts"  WHERE "posts"."blog_id" = ?[0m  [["blog_id", 1]]
  [1m[35mBlog Load (0.2ms)[0m  SELECT  "blogs".* FROM "blogs"  WHERE "blogs"."id" = ? LIMIT 1  [["id", 1]]
  [1m[36mBlog Load (0.1ms)[0m  [1mSELECT  "blogs".* FROM "blogs"  WHERE "blogs"."id" = ? LIMIT 1[0m  [["id", 1]]
  [1m[35mPost Load (0.1ms)[0m  SELECT "posts".* FROM "posts"  WHERE "posts"."blog_id" = ?  [["blog_id", 1]]
  [1m[36mMessage Load (0.3ms)[0m  [1mSELECT "messages".* FROM "messages"[0m
  [1m[35mPost Load (0.2ms)[0m  SELECT "posts".* FROM "posts"
  [1m[36mPost Load (0.4ms)[0m  [1mSELECT "posts".* FROM "posts"[0m
  [1m[36mPost Load (1.1ms)[0m  [1mSELECT "posts".* FROM "posts"[0m
  [1m[35mPost Load (0.3ms)[0m  SELECT "posts".* FROM "posts"
  [1m[36mBlog Load (0.2ms)[0m  [1mSELECT "blogs".* FROM "blogs"[0m
  [1m[35mBlog Load (0.1ms)[0m  SELECT "blogs".* FROM "blogs"
  [1m[36mBlog Load (0.2ms)[0m  [1mSELECT "blogs".* FROM "blogs"[0m
  [1m[35mBlog Load (0.2ms)[0m  SELECT  "blogs".* FROM "blogs"   ORDER BY "blogs"."id" ASC LIMIT 1
  [1m[36mPost Load (0.3ms)[0m  [1mSELECT "posts".* FROM "posts"  WHERE "posts"."blog_id" = ?[0m  [["blog_id", 1]]
  [1m[35mBlog Load (0.3ms)[0m  SELECT  "blogs".* FROM "blogs"   ORDER BY "blogs"."id" ASC LIMIT 1
  [1m[36mPost Load (0.2ms)[0m  [1mSELECT "posts".* FROM "posts" INNER JOIN "messages" ON "messages"."post_id" = "posts"."id" WHERE "posts"."blog_id" = ?[0m  [["blog_id", 1]]
  [1m[35mBlog Load (0.1ms)[0m  SELECT  "blogs".* FROM "blogs"   ORDER BY "blogs"."id" ASC LIMIT 1
  [1m[36mBlog Load (0.2ms)[0m  [1mSELECT  "blogs".* FROM "blogs"  WHERE "blogs"."id" = ? LIMIT 1[0m  [["id", 2]]
  [1m[35mPost Load (0.1ms)[0m  SELECT "posts".* FROM "posts" INNER JOIN "messages" ON "messages"."post_id" = "posts"."id" WHERE "posts"."blog_id" = ?  [["blog_id", 2]]
  [1m[36mBlog Load (0.1ms)[0m  [1mSELECT  "blogs".* FROM "blogs"  WHERE "blogs"."id" = ? LIMIT 1[0m  [["id", 2]]
  [1m[35mPost Load (0.2ms)[0m  SELECT * FROM "posts" INNER JOIN "messages" ON "messages"."post_id" = "posts"."id" WHERE "posts"."blog_id" = ?  [["blog_id", 2]]
  [1m[36mBlog Load (0.1ms)[0m  [1mSELECT  "blogs".* FROM "blogs"  WHERE "blogs"."id" = ? LIMIT 1[0m  [["id", 2]]
  [1m[35mPost Load (0.2ms)[0m  SELECT * FROM "posts" INNER JOIN "messages" ON "messages"."post_id" = "posts"."id" INNER JOIN "users" ON "users"."id" = "posts"."user_id" WHERE "posts"."blog_id" = ?  [["blog_id", 2]]
  [1m[36mBlog Load (0.2ms)[0m  [1mSELECT  "blogs".* FROM "blogs"   ORDER BY "blogs"."id" ASC LIMIT 1[0m
  [1m[35mBlog Load (0.2ms)[0m  SELECT  "blogs".* FROM "blogs"   ORDER BY "blogs"."id" ASC LIMIT 1
  [1m[36mOwner Load (0.1ms)[0m  [1mSELECT "owners".* FROM "owners"  WHERE "owners"."blog_id" = ?[0m  [["blog_id", 1]]
  [1m[35mBlog Load (0.1ms)[0m  SELECT  "blogs".* FROM "blogs"   ORDER BY "blogs"."id" ASC LIMIT 1
  [1m[36mOwner Load (0.2ms)[0m  [1mSELECT * FROM "owners" INNER JOIN "users" ON "users"."id" = "owners"."user_id" WHERE "owners"."blog_id" = ?[0m  [["blog_id", 1]]
  [1m[36mBlog Load (0.4ms)[0m  [1mSELECT  "blogs".* FROM "blogs"  WHERE "blogs"."id" = ? LIMIT 1[0m  [["id", 2]]
  [1m[35mPost Load (1.3ms)[0m  SELECT * FROM "posts" INNER JOIN "messages" ON "messages"."post_id" = "posts"."id" INNER JOIN "users" ON "users"."id" = "posts"."user_id" WHERE "posts"."blog_id" = ?  [["blog_id", 2]]
  [1m[36mBlog Load (0.2ms)[0m  [1mSELECT  "blogs".* FROM "blogs"  WHERE "blogs"."id" = ? LIMIT 1[0m  [["id", 2]]
  [1m[35mPost Load (0.1ms)[0m  SELECT * FROM "posts" INNER JOIN "messages" ON "messages"."post_id" = "posts"."id" INNER JOIN "users" ON "users"."id" = "posts"."user_id" WHERE "posts"."blog_id" = ?  [["blog_id", 2]]
  [1m[36mBlog Load (0.1ms)[0m  [1mSELECT  "blogs".* FROM "blogs"  WHERE "blogs"."id" = ? LIMIT 1[0m  [["id", 2]]
  [1m[35mPost Load (0.2ms)[0m  SELECT "posts".* FROM "posts" INNER JOIN "users" ON "users"."id" = "posts"."user_id" WHERE "posts"."blog_id" = ?  [["blog_id", 2]]
  [1m[36mBlog Load (0.1ms)[0m  [1mSELECT  "blogs".* FROM "blogs"  WHERE "blogs"."id" = ? LIMIT 1[0m  [["id", 2]]
  [1m[35mPost Load (0.3ms)[0m  SELECT "posts".* FROM "posts" INNER JOIN "users" ON "users"."id" = "posts"."user_id" WHERE "posts"."blog_id" = ?  [["blog_id", 2]]
  [1m[36mUser Load (0.2ms)[0m  [1mSELECT "users".* FROM "users"[0m
  [1m[35mBlog Load (0.2ms)[0m  SELECT  "blogs".* FROM "blogs"  WHERE "blogs"."id" = ? LIMIT 1  [["id", 2]]
  [1m[36mPost Load (0.1ms)[0m  [1mSELECT "posts".* FROM "posts" INNER JOIN "users" ON "users"."id" = "posts"."user_id" WHERE "posts"."blog_id" = ?[0m  [["blog_id", 2]]
  [1m[35mBlog Load (0.1ms)[0m  SELECT  "blogs".* FROM "blogs"  WHERE "blogs"."id" = ? LIMIT 1  [["id", 2]]
  [1m[36mPost Load (0.1ms)[0m  [1mSELECT "posts".* FROM "posts" INNER JOIN "users" ON "users"."id" = "posts"."user_id" WHERE "posts"."blog_id" = ?[0m  [["blog_id", 2]]
  [1m[35mBlog Load (0.1ms)[0m  SELECT  "blogs".* FROM "blogs"  WHERE "blogs"."id" = ? LIMIT 1  [["id", 2]]
  [1m[36mPost Load (0.1ms)[0m  [1mSELECT "posts".* FROM "posts" INNER JOIN "users" ON "users"."id" = "posts"."user_id" WHERE "posts"."blog_id" = ?[0m  [["blog_id", 2]]
  [1m[35mBlog Load (0.3ms)[0m  SELECT  "blogs".* FROM "blogs"  WHERE "blogs"."id" = ? LIMIT 1  [["id", 2]]
  [1m[36mPost Load (0.1ms)[0m  [1mSELECT "posts".* FROM "posts" INNER JOIN "users" ON "users"."id" = "posts"."user_id" WHERE "posts"."blog_id" = ?[0m  [["blog_id", 2]]
  [1m[35mBlog Load (0.1ms)[0m  SELECT  "blogs".* FROM "blogs"  WHERE "blogs"."id" = ? LIMIT 1  [["id", 2]]
  [1m[36mBlog Load (0.1ms)[0m  [1mSELECT  "blogs".* FROM "blogs"  WHERE "blogs"."id" = ? LIMIT 1[0m  [["id", 2]]
  [1m[35mPost Load (0.1ms)[0m  SELECT "posts".* FROM "posts" INNER JOIN "users" ON "users"."id" = "posts"."user_id" WHERE "posts"."blog_id" = ?  [["blog_id", 2]]
  [1m[36mBlog Load (0.1ms)[0m  [1mSELECT  "blogs".* FROM "blogs"  WHERE "blogs"."id" = ? LIMIT 1[0m  [["id", 2]]
  [1m[35mPost Load (0.1ms)[0m  SELECT "posts".* FROM "posts" INNER JOIN "users" ON "users"."id" = "posts"."user_id" WHERE "posts"."blog_id" = ?  [["blog_id", 2]]
  [1m[36mBlog Load (0.1ms)[0m  [1mSELECT  "blogs".* FROM "blogs"  WHERE "blogs"."id" = ? LIMIT 1[0m  [["id", 2]]
  [1m[35mPost Load (0.1ms)[0m  SELECT "posts".* FROM "posts" INNER JOIN "users" ON "users"."id" = "posts"."user_id" WHERE "posts"."blog_id" = ?  [["blog_id", 2]]
  [1m[36mBlog Load (0.1ms)[0m  [1mSELECT  "blogs".* FROM "blogs"  WHERE "blogs"."id" = ? LIMIT 1[0m  [["id", 2]]
  [1m[35mPost Load (0.1ms)[0m  SELECT "posts".* FROM "posts" INNER JOIN "users" ON "users"."id" = "posts"."user_id" WHERE "posts"."blog_id" = ?  [["blog_id", 2]]
  [1m[36mBlog Load (0.1ms)[0m  [1mSELECT  "blogs".* FROM "blogs"  WHERE "blogs"."id" = ? LIMIT 1[0m  [["id", 2]]
  [1m[35mPost Load (0.1ms)[0m  SELECT "posts".* FROM "posts" INNER JOIN "users" ON "users"."id" = "posts"."user_id" WHERE "posts"."blog_id" = ?  [["blog_id", 2]]
  [1m[36mBlog Load (0.2ms)[0m  [1mSELECT  "blogs".* FROM "blogs"  WHERE "blogs"."id" = ? LIMIT 1[0m  [["id", 2]]
  [1m[35mPost Load (0.1ms)[0m  SELECT "posts".* FROM "posts" INNER JOIN "users" ON "users"."id" = "posts"."user_id" WHERE "posts"."blog_id" = ?  [["blog_id", 2]]
  [1m[36mBlog Load (0.1ms)[0m  [1mSELECT  "blogs".* FROM "blogs"  WHERE "blogs"."id" = ? LIMIT 1[0m  [["id", 2]]
  [1m[35mPost Load (0.2ms)[0m  SELECT * FROM "posts" INNER JOIN "users" ON "users"."id" = "posts"."user_id" WHERE "posts"."blog_id" = ?  [["blog_id", 2]]
  [1m[36mBlog Load (0.1ms)[0m  [1mSELECT  "blogs".* FROM "blogs"  WHERE "blogs"."id" = ? LIMIT 1[0m  [["id", 2]]
  [1m[35mPost Load (0.1ms)[0m  SELECT "posts".* FROM "posts" INNER JOIN "users" ON "users"."id" = "posts"."user_id" WHERE "posts"."blog_id" = ?  [["blog_id", 2]]
  [1m[36mBlog Load (0.1ms)[0m  [1mSELECT  "blogs".* FROM "blogs"  WHERE "blogs"."id" = ? LIMIT 1[0m  [["id", 2]]
  [1m[35mPost Load (0.1ms)[0m  SELECT * FROM "posts" INNER JOIN "users" ON "users"."id" = "posts"."user_id" WHERE "posts"."blog_id" = ?  [["blog_id", 2]]
